0 info it worked if it ends with ok
1 verbose cli [ '/usr/local/bin/node',
1 verbose cli   '/usr/local/bin/npm',
1 verbose cli   'install',
1 verbose cli   '--save',
1 verbose cli   'grpc' ]
2 info using npm@2.11.3
3 info using node@v0.12.7
4 verbose node symlink /usr/local/bin/node
5 verbose install initial load of /Users/mark/src/modules/net-fuse/package.json
6 warn package.json net-fuse@0.0.1 No repository field.
7 verbose installManyTop reading scoped package data from /Users/mark/src/modules/net-fuse/node_modules/app-module-path/package.json
8 verbose installManyTop reading scoped package data from /Users/mark/src/modules/net-fuse/node_modules/bluebird/package.json
9 verbose installManyTop reading scoped package data from /Users/mark/src/modules/net-fuse/node_modules/feature-detect/package.json
10 verbose installManyTop reading scoped package data from /Users/mark/src/modules/net-fuse/node_modules/feature-detect-weakmap/package.json
11 verbose installManyTop reading scoped package data from /Users/mark/src/modules/net-fuse/node_modules/fusejs/package.json
12 verbose installManyTop reading scoped package data from /Users/mark/src/modules/net-fuse/node_modules/get-parameter-names/package.json
13 verbose installManyTop reading scoped package data from /Users/mark/src/modules/net-fuse/node_modules/promisify-node/package.json
14 verbose installManyTop reading scoped package data from /Users/mark/src/modules/net-fuse/node_modules/protobufjs/package.json
15 info package.json fusejs@1.0.0 'repositories' (plural) Not supported. Please pick one as the 'repository' field
16 info package.json promisify-node@0.1.5 No repository field.
17 verbose readDependencies loading dependencies from /Users/mark/src/modules/net-fuse/package.json
18 silly cache add args [ 'grpc', null ]
19 verbose cache add spec grpc
20 silly cache add parsed spec { raw: 'grpc',
20 silly cache add   scope: null,
20 silly cache add   name: 'grpc',
20 silly cache add   rawSpec: '',
20 silly cache add   spec: '*',
20 silly cache add   type: 'range' }
21 silly addNamed grpc@*
22 verbose addNamed "*" is a valid semver range for grpc
23 silly addNameRange { name: 'grpc', range: '*', hasData: false }
24 silly mapToRegistry name grpc
25 silly mapToRegistry using default registry
26 silly mapToRegistry registry https://registry.npmjs.org/
27 silly mapToRegistry uri https://registry.npmjs.org/grpc
28 verbose addNameRange registry:https://registry.npmjs.org/grpc not in flight; fetching
29 verbose request uri https://registry.npmjs.org/grpc
30 verbose request no auth needed
31 info attempt registry request try #1 at 11:27:55 PM
32 verbose request using bearer token for auth
33 verbose request id b940129a2cf76851
34 verbose etag "A09I8SEU33F3JGFP6O3QYAGJQ"
35 http request GET https://registry.npmjs.org/grpc
36 http 304 https://registry.npmjs.org/grpc
37 silly get cb [ 304,
37 silly get   { 'cache-control': 'max-age=60',
37 silly get     'accept-ranges': 'bytes',
37 silly get     date: 'Fri, 14 Aug 2015 15:27:56 GMT',
37 silly get     via: '1.1 varnish',
37 silly get     connection: 'keep-alive',
37 silly get     'x-served-by': 'cache-syd1627-SYD',
37 silly get     'x-cache': 'MISS',
37 silly get     'x-cache-hits': '0',
37 silly get     'x-timer': 'S1439566075.868163,VS0,VE784' } ]
38 verbose etag https://registry.npmjs.org/grpc from cache
39 verbose get saving grpc to /Users/mark/.npm/registry.npmjs.org/grpc/.cache.json
40 silly addNameRange number 2 { name: 'grpc', range: '*', hasData: true }
41 silly addNameRange versions [ 'grpc',
41 silly addNameRange   [ '0.5.0',
41 silly addNameRange     '0.5.1',
41 silly addNameRange     '0.5.2',
41 silly addNameRange     '0.5.3',
41 silly addNameRange     '0.5.4',
41 silly addNameRange     '0.5.5',
41 silly addNameRange     '0.6.0',
41 silly addNameRange     '0.6.1',
41 silly addNameRange     '0.6.2',
41 silly addNameRange     '0.7.0',
41 silly addNameRange     '0.8.0',
41 silly addNameRange     '0.9.0',
41 silly addNameRange     '0.9.1',
41 silly addNameRange     '0.9.2',
41 silly addNameRange     '0.10.0',
41 silly addNameRange     '0.10.1' ] ]
42 silly addNamed grpc@0.10.1
43 verbose addNamed "0.10.1" is a plain semver version for grpc
44 silly cache afterAdd grpc@0.10.1
45 verbose afterAdd /Users/mark/.npm/grpc/0.10.1/package/package.json not in flight; writing
46 verbose afterAdd /Users/mark/.npm/grpc/0.10.1/package/package.json written
47 silly install resolved [ { name: 'grpc',
47 silly install resolved     version: '0.10.1',
47 silly install resolved     author: { name: 'Google Inc.' },
47 silly install resolved     description: 'gRPC Library for Node',
47 silly install resolved     homepage: 'http://www.grpc.io/',
47 silly install resolved     repository: { type: 'git', url: 'git+https://github.com/grpc/grpc.git' },
47 silly install resolved     bugs: { url: 'https://github.com/grpc/grpc/issues' },
47 silly install resolved     contributors: [ [Object] ],
47 silly install resolved     directories: { lib: 'src', example: 'examples' },
47 silly install resolved     scripts:
47 silly install resolved      { lint: 'node ./node_modules/jshint/bin/jshint src test examples interop index.js',
47 silly install resolved        test: 'node ./node_modules/mocha/bin/mocha && npm run-script lint',
47 silly install resolved        install: 'node-gyp rebuild' },
47 silly install resolved     dependencies:
47 silly install resolved      { bindings: '^1.2.0',
47 silly install resolved        lodash: '^3.9.3',
47 silly install resolved        nan: '^1.5.0',
47 silly install resolved        protobufjs: '^4.0.0' },
47 silly install resolved     devDependencies:
47 silly install resolved      { async: '^0.9.0',
47 silly install resolved        'google-auth-library': '^0.9.2',
47 silly install resolved        jshint: '^2.5.0',
47 silly install resolved        minimist: '^1.1.0',
47 silly install resolved        mocha: '~1.21.0',
47 silly install resolved        mustache: '^2.0.0',
47 silly install resolved        strftime: '^0.8.2' },
47 silly install resolved     engines: { node: '>=0.10.13' },
47 silly install resolved     files:
47 silly install resolved      [ 'LICENSE',
47 silly install resolved        'README.md',
47 silly install resolved        'index.js',
47 silly install resolved        'binding.gyp',
47 silly install resolved        'bin',
47 silly install resolved        'cli',
47 silly install resolved        'examples',
47 silly install resolved        'ext',
47 silly install resolved        'interop',
47 silly install resolved        'src',
47 silly install resolved        'test' ],
47 silly install resolved     main: 'index.js',
47 silly install resolved     license: 'BSD-3-Clause',
47 silly install resolved     gypfile: true,
47 silly install resolved     _id: 'grpc@0.10.1',
47 silly install resolved     _shasum: '2310f168c7548268064b4cbee8c38ae0182ecb10',
47 silly install resolved     _from: 'grpc@*',
47 silly install resolved     _npmVersion: '1.4.28',
47 silly install resolved     _npmUser: { name: 'murgatroid99', email: 'mlumish@google.com' },
47 silly install resolved     maintainers: [ [Object], [Object], [Object] ],
47 silly install resolved     dist:
47 silly install resolved      { shasum: '2310f168c7548268064b4cbee8c38ae0182ecb10',
47 silly install resolved        tarball: 'http://registry.npmjs.org/grpc/-/grpc-0.10.1.tgz' },
47 silly install resolved     _resolved: 'https://registry.npmjs.org/grpc/-/grpc-0.10.1.tgz',
47 silly install resolved     readme: 'ERROR: No README data found!' } ]
48 info install grpc@0.10.1 into /Users/mark/src/modules/net-fuse
49 info installOne grpc@0.10.1
50 verbose installOne of grpc to /Users/mark/src/modules/net-fuse not in flight; installing
51 verbose lock using /Users/mark/.npm/_locks/grpc-713a210aa5a508e4.lock for /Users/mark/src/modules/net-fuse/node_modules/grpc
52 silly install write writing grpc 0.10.1 to /Users/mark/src/modules/net-fuse/node_modules/grpc
53 verbose unbuild node_modules/grpc
54 silly gentlyRm /Users/mark/src/modules/net-fuse/node_modules/grpc is being purged from base /Users/mark/src/modules/net-fuse
55 verbose gentlyRm don't care about contents; nuking /Users/mark/src/modules/net-fuse/node_modules/grpc
56 verbose tar unpack /Users/mark/.npm/grpc/0.10.1/package.tgz
57 verbose tar unpacking to /Users/mark/src/modules/net-fuse/node_modules/grpc
58 silly gentlyRm /Users/mark/src/modules/net-fuse/node_modules/grpc is being purged
59 verbose gentlyRm don't care about contents; nuking /Users/mark/src/modules/net-fuse/node_modules/grpc
60 silly gunzTarPerm modes [ '755', '644' ]
61 silly gunzTarPerm extractEntry package.json
62 silly gunzTarPerm modified mode [ 'package.json', 416, 420 ]
63 silly gunzTarPerm extractEntry README.md
64 silly gunzTarPerm modified mode [ 'README.md', 416, 420 ]
65 silly gunzTarPerm extractEntry LICENSE
66 silly gunzTarPerm modified mode [ 'LICENSE', 416, 420 ]
67 silly gunzTarPerm extractEntry index.js
68 silly gunzTarPerm modified mode [ 'index.js', 416, 420 ]
69 silly gunzTarPerm extractEntry cli/service_packager.js
70 silly gunzTarPerm modified mode [ 'cli/service_packager.js', 416, 420 ]
71 silly gunzTarPerm extractEntry cli/service_packager/index.js
72 silly gunzTarPerm modified mode [ 'cli/service_packager/index.js', 416, 420 ]
73 silly gunzTarPerm extractEntry cli/service_packager/package.json.template
74 silly gunzTarPerm modified mode [ 'cli/service_packager/package.json.template', 416, 420 ]
75 silly gunzTarPerm extractEntry examples/stock_server.js
76 silly gunzTarPerm modified mode [ 'examples/stock_server.js', 416, 420 ]
77 silly gunzTarPerm extractEntry examples/perf_test.js
78 silly gunzTarPerm modified mode [ 'examples/perf_test.js', 416, 420 ]
79 silly gunzTarPerm extractEntry examples/qps_test.js
80 silly gunzTarPerm modified mode [ 'examples/qps_test.js', 416, 420 ]
81 silly gunzTarPerm extractEntry examples/stock_client.js
82 silly gunzTarPerm modified mode [ 'examples/stock_client.js', 416, 420 ]
83 silly gunzTarPerm extractEntry examples/math_server.js
84 silly gunzTarPerm modified mode [ 'examples/math_server.js', 416, 420 ]
85 silly gunzTarPerm extractEntry examples/route_guide_server.js
86 silly gunzTarPerm modified mode [ 'examples/route_guide_server.js', 416, 420 ]
87 silly gunzTarPerm extractEntry examples/route_guide_client.js
88 silly gunzTarPerm modified mode [ 'examples/route_guide_client.js', 416, 420 ]
89 silly gunzTarPerm extractEntry examples/route_guide_db.json
90 silly gunzTarPerm modified mode [ 'examples/route_guide_db.json', 416, 420 ]
91 silly gunzTarPerm extractEntry examples/stock.proto
92 silly gunzTarPerm modified mode [ 'examples/stock.proto', 416, 420 ]
93 silly gunzTarPerm extractEntry examples/route_guide.proto
94 silly gunzTarPerm modified mode [ 'examples/route_guide.proto', 416, 420 ]
95 silly gunzTarPerm extractEntry examples/math.proto
96 silly gunzTarPerm modified mode [ 'examples/math.proto', 416, 420 ]
97 silly gunzTarPerm extractEntry test/call_test.js
98 silly gunzTarPerm modified mode [ 'test/call_test.js', 416, 420 ]
99 silly gunzTarPerm extractEntry test/common_test.js
100 silly gunzTarPerm modified mode [ 'test/common_test.js', 416, 420 ]
101 silly gunzTarPerm extractEntry test/constant_test.js
102 silly gunzTarPerm modified mode [ 'test/constant_test.js', 416, 420 ]
103 silly gunzTarPerm extractEntry test/surface_test.js
104 silly gunzTarPerm modified mode [ 'test/surface_test.js', 416, 420 ]
105 silly gunzTarPerm extractEntry test/server_test.js
106 silly gunzTarPerm modified mode [ 'test/server_test.js', 416, 420 ]
107 silly gunzTarPerm extractEntry test/end_to_end_test.js
108 silly gunzTarPerm modified mode [ 'test/end_to_end_test.js', 416, 420 ]
109 silly gunzTarPerm extractEntry test/channel_test.js
110 silly gunzTarPerm modified mode [ 'test/channel_test.js', 416, 420 ]
111 silly gunzTarPerm extractEntry test/math_client_test.js
112 silly gunzTarPerm modified mode [ 'test/math_client_test.js', 416, 420 ]
113 silly gunzTarPerm extractEntry test/interop_sanity_test.js
114 silly gunzTarPerm modified mode [ 'test/interop_sanity_test.js', 416, 420 ]
115 silly gunzTarPerm extractEntry test/echo_service.proto
116 silly gunzTarPerm modified mode [ 'test/echo_service.proto', 416, 420 ]
117 silly gunzTarPerm extractEntry test/data/README
118 silly gunzTarPerm modified mode [ 'test/data/README', 416, 420 ]
119 silly gunzTarPerm extractEntry test/data/ca.pem
120 silly gunzTarPerm modified mode [ 'test/data/ca.pem', 416, 420 ]
121 silly gunzTarPerm extractEntry test/data/server1.key
122 silly gunzTarPerm modified mode [ 'test/data/server1.key', 416, 420 ]
123 silly gunzTarPerm extractEntry test/data/server1.pem
124 silly gunzTarPerm modified mode [ 'test/data/server1.pem', 416, 420 ]
125 silly gunzTarPerm extractEntry test/test_messages.proto
126 silly gunzTarPerm modified mode [ 'test/test_messages.proto', 416, 420 ]
127 silly gunzTarPerm extractEntry test/test_service.json
128 silly gunzTarPerm modified mode [ 'test/test_service.json', 416, 420 ]
129 silly gunzTarPerm extractEntry test/test_service.proto
130 silly gunzTarPerm modified mode [ 'test/test_service.proto', 416, 420 ]
131 silly gunzTarPerm extractEntry bin/README.md
132 silly gunzTarPerm modified mode [ 'bin/README.md', 416, 420 ]
133 silly gunzTarPerm extractEntry bin/service_packager
134 silly gunzTarPerm modified mode [ 'bin/service_packager', 488, 492 ]
135 silly gunzTarPerm extractEntry interop/interop_client.js
136 silly gunzTarPerm modified mode [ 'interop/interop_client.js', 416, 420 ]
137 silly gunzTarPerm extractEntry interop/interop_server.js
138 silly gunzTarPerm modified mode [ 'interop/interop_server.js', 416, 420 ]
139 silly gunzTarPerm extractEntry interop/empty.proto
140 silly gunzTarPerm modified mode [ 'interop/empty.proto', 416, 420 ]
141 silly gunzTarPerm extractEntry interop/messages.proto
142 silly gunzTarPerm modified mode [ 'interop/messages.proto', 416, 420 ]
143 silly gunzTarPerm extractEntry interop/test.json
144 silly gunzTarPerm modified mode [ 'interop/test.json', 416, 420 ]
145 silly gunzTarPerm extractEntry interop/test.proto
146 silly gunzTarPerm modified mode [ 'interop/test.proto', 416, 420 ]
147 silly gunzTarPerm extractEntry src/client.js
148 silly gunzTarPerm modified mode [ 'src/client.js', 416, 420 ]
149 silly gunzTarPerm extractEntry src/common.js
150 silly gunzTarPerm modified mode [ 'src/common.js', 416, 420 ]
151 silly gunzTarPerm extractEntry src/server.js
152 silly gunzTarPerm modified mode [ 'src/server.js', 416, 420 ]
153 silly gunzTarPerm extractEntry binding.gyp
154 silly gunzTarPerm modified mode [ 'binding.gyp', 416, 420 ]
155 silly gunzTarPerm extractEntry ext/credentials.cc
156 silly gunzTarPerm modified mode [ 'ext/credentials.cc', 416, 420 ]
157 silly gunzTarPerm extractEntry ext/byte_buffer.cc
158 silly gunzTarPerm modified mode [ 'ext/byte_buffer.cc', 416, 420 ]
159 silly gunzTarPerm extractEntry ext/call.cc
160 silly gunzTarPerm modified mode [ 'ext/call.cc', 416, 420 ]
161 silly gunzTarPerm extractEntry ext/call.h
162 silly gunzTarPerm modified mode [ 'ext/call.h', 416, 420 ]
163 silly gunzTarPerm extractEntry ext/channel.cc
164 silly gunzTarPerm modified mode [ 'ext/channel.cc', 416, 420 ]
165 silly gunzTarPerm extractEntry ext/channel.h
166 silly gunzTarPerm modified mode [ 'ext/channel.h', 416, 420 ]
167 silly gunzTarPerm extractEntry ext/completion_queue_async_worker.cc
168 silly gunzTarPerm modified mode [ 'ext/completion_queue_async_worker.cc', 416, 420 ]
169 silly gunzTarPerm extractEntry ext/completion_queue_async_worker.h
170 silly gunzTarPerm modified mode [ 'ext/completion_queue_async_worker.h', 416, 420 ]
171 silly gunzTarPerm extractEntry ext/byte_buffer.h
172 silly gunzTarPerm modified mode [ 'ext/byte_buffer.h', 416, 420 ]
173 silly gunzTarPerm extractEntry ext/credentials.h
174 silly gunzTarPerm modified mode [ 'ext/credentials.h', 416, 420 ]
175 silly gunzTarPerm extractEntry ext/node_grpc.cc
176 silly gunzTarPerm modified mode [ 'ext/node_grpc.cc', 416, 420 ]
177 silly gunzTarPerm extractEntry ext/server.cc
178 silly gunzTarPerm modified mode [ 'ext/server.cc', 416, 420 ]
179 silly gunzTarPerm extractEntry ext/server.h
180 silly gunzTarPerm modified mode [ 'ext/server.h', 416, 420 ]
181 silly gunzTarPerm extractEntry ext/server_credentials.cc
182 silly gunzTarPerm modified mode [ 'ext/server_credentials.cc', 416, 420 ]
183 silly gunzTarPerm extractEntry ext/server_credentials.h
184 silly gunzTarPerm modified mode [ 'ext/server_credentials.h', 416, 420 ]
185 silly gunzTarPerm extractEntry ext/timeval.cc
186 silly gunzTarPerm modified mode [ 'ext/timeval.cc', 416, 420 ]
187 silly gunzTarPerm extractEntry ext/timeval.h
188 silly gunzTarPerm modified mode [ 'ext/timeval.h', 416, 420 ]
189 verbose write writing to /Users/mark/src/modules/net-fuse/node_modules/grpc/package.json
190 info preinstall grpc@0.10.1
191 verbose readDependencies loading dependencies from /Users/mark/src/modules/net-fuse/node_modules/grpc/package.json
192 silly prepareForInstallMany adding bindings@^1.2.0 from grpc dependencies
193 silly prepareForInstallMany adding lodash@^3.9.3 from grpc dependencies
194 silly prepareForInstallMany adding nan@^1.5.0 from grpc dependencies
195 verbose readDependencies loading dependencies from /Users/mark/src/modules/net-fuse/node_modules/grpc/package.json
196 silly cache add args [ 'lodash@^3.9.3', null ]
197 verbose cache add spec lodash@^3.9.3
198 silly cache add parsed spec { raw: 'lodash@^3.9.3',
198 silly cache add   scope: null,
198 silly cache add   name: 'lodash',
198 silly cache add   rawSpec: '^3.9.3',
198 silly cache add   spec: '>=3.9.3 <4.0.0',
198 silly cache add   type: 'range' }
199 silly addNamed lodash@>=3.9.3 <4.0.0
200 verbose addNamed ">=3.9.3 <4.0.0" is a valid semver range for lodash
201 silly addNameRange { name: 'lodash', range: '>=3.9.3 <4.0.0', hasData: false }
202 silly mapToRegistry name lodash
203 silly mapToRegistry using default registry
204 silly mapToRegistry registry https://registry.npmjs.org/
205 silly mapToRegistry uri https://registry.npmjs.org/lodash
206 verbose addNameRange registry:https://registry.npmjs.org/lodash not in flight; fetching
207 silly cache add args [ 'nan@^1.5.0', null ]
208 verbose cache add spec nan@^1.5.0
209 silly cache add parsed spec { raw: 'nan@^1.5.0',
209 silly cache add   scope: null,
209 silly cache add   name: 'nan',
209 silly cache add   rawSpec: '^1.5.0',
209 silly cache add   spec: '>=1.5.0 <2.0.0',
209 silly cache add   type: 'range' }
210 silly addNamed nan@>=1.5.0 <2.0.0
211 verbose addNamed ">=1.5.0 <2.0.0" is a valid semver range for nan
212 silly addNameRange { name: 'nan', range: '>=1.5.0 <2.0.0', hasData: false }
213 silly mapToRegistry name nan
214 silly mapToRegistry using default registry
215 silly mapToRegistry registry https://registry.npmjs.org/
216 silly mapToRegistry uri https://registry.npmjs.org/nan
217 verbose addNameRange registry:https://registry.npmjs.org/nan not in flight; fetching
218 silly cache add args [ 'bindings@^1.2.0', null ]
219 verbose cache add spec bindings@^1.2.0
220 silly cache add parsed spec { raw: 'bindings@^1.2.0',
220 silly cache add   scope: null,
220 silly cache add   name: 'bindings',
220 silly cache add   rawSpec: '^1.2.0',
220 silly cache add   spec: '>=1.2.0 <2.0.0',
220 silly cache add   type: 'range' }
221 silly addNamed bindings@>=1.2.0 <2.0.0
222 verbose addNamed ">=1.2.0 <2.0.0" is a valid semver range for bindings
223 silly addNameRange { name: 'bindings', range: '>=1.2.0 <2.0.0', hasData: false }
224 silly mapToRegistry name bindings
225 silly mapToRegistry using default registry
226 silly mapToRegistry registry https://registry.npmjs.org/
227 silly mapToRegistry uri https://registry.npmjs.org/bindings
228 verbose addNameRange registry:https://registry.npmjs.org/bindings not in flight; fetching
229 verbose request uri https://registry.npmjs.org/lodash
230 verbose request no auth needed
231 info attempt registry request try #1 at 11:27:56 PM
232 verbose request using bearer token for auth
233 verbose etag "DNDUORM34Q370LTOS6TKE81RE"
234 http request GET https://registry.npmjs.org/lodash
235 verbose request uri https://registry.npmjs.org/bindings
236 verbose request no auth needed
237 info attempt registry request try #1 at 11:27:56 PM
238 verbose request using bearer token for auth
239 verbose etag "BCS5XYG9ISNJFNKEL5FLOI5HX"
240 http request GET https://registry.npmjs.org/bindings
241 verbose request uri https://registry.npmjs.org/nan
242 verbose request no auth needed
243 info attempt registry request try #1 at 11:27:56 PM
244 verbose request using bearer token for auth
245 verbose etag "41PIK59ZUA3ADEJCQ281I0TDQ"
246 http request GET https://registry.npmjs.org/nan
247 http 304 https://registry.npmjs.org/lodash
248 silly get cb [ 304,
248 silly get   { 'cache-control': 'max-age=60',
248 silly get     'accept-ranges': 'bytes',
248 silly get     date: 'Fri, 14 Aug 2015 15:27:58 GMT',
248 silly get     via: '1.1 varnish',
248 silly get     connection: 'keep-alive',
248 silly get     'x-served-by': 'cache-syd1621-SYD',
248 silly get     'x-cache': 'MISS',
248 silly get     'x-cache-hits': '0',
248 silly get     'x-timer': 'S1439566077.239111,VS0,VE797' } ]
249 verbose etag https://registry.npmjs.org/lodash from cache
250 verbose get saving lodash to /Users/mark/.npm/registry.npmjs.org/lodash/.cache.json
251 silly addNameRange number 2 { name: 'lodash', range: '>=3.9.3 <4.0.0', hasData: true }
252 silly addNameRange versions [ 'lodash',
252 silly addNameRange   [ '0.1.0',
252 silly addNameRange     '0.2.0',
252 silly addNameRange     '0.2.1',
252 silly addNameRange     '0.2.2',
252 silly addNameRange     '0.3.0',
252 silly addNameRange     '0.3.1',
252 silly addNameRange     '0.3.2',
252 silly addNameRange     '0.4.0',
252 silly addNameRange     '0.4.1',
252 silly addNameRange     '0.4.2',
252 silly addNameRange     '0.5.0-rc.1',
252 silly addNameRange     '0.5.0',
252 silly addNameRange     '0.5.1',
252 silly addNameRange     '0.5.2',
252 silly addNameRange     '0.6.0',
252 silly addNameRange     '0.6.1',
252 silly addNameRange     '0.7.0',
252 silly addNameRange     '0.8.0',
252 silly addNameRange     '0.8.1',
252 silly addNameRange     '0.8.2',
252 silly addNameRange     '0.9.0',
252 silly addNameRange     '0.9.1',
252 silly addNameRange     '0.9.2',
252 silly addNameRange     '0.10.0',
252 silly addNameRange     '1.0.0-rc.1',
252 silly addNameRange     '1.0.0-rc.2',
252 silly addNameRange     '1.0.0-rc.3',
252 silly addNameRange     '1.0.0',
252 silly addNameRange     '1.0.1',
252 silly addNameRange     '1.1.0',
252 silly addNameRange     '1.1.1',
252 silly addNameRange     '1.2.0',
252 silly addNameRange     '1.2.1',
252 silly addNameRange     '1.3.0',
252 silly addNameRange     '1.3.1',
252 silly addNameRange     '2.0.0',
252 silly addNameRange     '2.1.0',
252 silly addNameRange     '2.2.0',
252 silly addNameRange     '2.2.1',
252 silly addNameRange     '2.3.0',
252 silly addNameRange     '2.4.0',
252 silly addNameRange     '2.4.1',
252 silly addNameRange     '3.0.0',
252 silly addNameRange     '3.0.1',
252 silly addNameRange     '3.1.0',
252 silly addNameRange     '3.2.0',
252 silly addNameRange     '3.3.0',
252 silly addNameRange     '3.3.1',
252 silly addNameRange     '3.4.0',
252 silly addNameRange     '3.5.0',
252 silly addNameRange     '3.6.0',
252 silly addNameRange     '1.0.2',
252 silly addNameRange     '3.7.0',
252 silly addNameRange     '2.4.2',
252 silly addNameRange     '3.8.0',
252 silly addNameRange     '3.9.0',
252 silly addNameRange     '3.9.1',
252 silly addNameRange     '3.9.2',
252 silly addNameRange     '3.9.3',
252 silly addNameRange     '3.10.0',
252 silly addNameRange     '3.10.1' ] ]
253 silly addNamed lodash@3.10.1
254 verbose addNamed "3.10.1" is a plain semver version for lodash
255 silly cache afterAdd lodash@3.10.1
256 verbose afterAdd /Users/mark/.npm/lodash/3.10.1/package/package.json not in flight; writing
257 http 304 https://registry.npmjs.org/nan
258 silly get cb [ 304,
258 silly get   { 'cache-control': 'max-age=60',
258 silly get     'accept-ranges': 'bytes',
258 silly get     date: 'Fri, 14 Aug 2015 15:27:58 GMT',
258 silly get     via: '1.1 varnish',
258 silly get     connection: 'keep-alive',
258 silly get     'x-served-by': 'cache-syd1620-SYD',
258 silly get     'x-cache': 'MISS',
258 silly get     'x-cache-hits': '0',
258 silly get     'x-timer': 'S1439566077.273513,VS0,VE794' } ]
259 verbose etag https://registry.npmjs.org/nan from cache
260 verbose get saving nan to /Users/mark/.npm/registry.npmjs.org/nan/.cache.json
261 verbose afterAdd /Users/mark/.npm/lodash/3.10.1/package/package.json written
262 silly addNameRange number 2 { name: 'nan', range: '>=1.5.0 <2.0.0', hasData: true }
263 silly addNameRange versions [ 'nan',
263 silly addNameRange   [ '0.3.0-wip',
263 silly addNameRange     '0.3.0-wip2',
263 silly addNameRange     '0.3.0',
263 silly addNameRange     '0.3.1',
263 silly addNameRange     '0.3.2',
263 silly addNameRange     '0.4.0',
263 silly addNameRange     '0.4.1',
263 silly addNameRange     '0.4.2',
263 silly addNameRange     '0.4.3',
263 silly addNameRange     '0.4.4',
263 silly addNameRange     '0.5.0',
263 silly addNameRange     '0.5.1',
263 silly addNameRange     '0.5.2',
263 silly addNameRange     '0.6.0',
263 silly addNameRange     '0.7.0',
263 silly addNameRange     '0.7.1',
263 silly addNameRange     '0.8.0',
263 silly addNameRange     '1.0.0',
263 silly addNameRange     '1.1.0',
263 silly addNameRange     '1.1.1',
263 silly addNameRange     '1.1.2',
263 silly addNameRange     '1.2.0',
263 silly addNameRange     '1.3.0',
263 silly addNameRange     '1.4.0',
263 silly addNameRange     '1.4.1',
263 silly addNameRange     '1.5.0',
263 silly addNameRange     '1.4.2',
263 silly addNameRange     '1.4.3',
263 silly addNameRange     '1.5.1',
263 silly addNameRange     '1.5.2',
263 silly addNameRange     '1.6.0',
263 silly addNameRange     '1.5.3',
263 silly addNameRange     '1.6.1',
263 silly addNameRange     '1.6.2',
263 silly addNameRange     '1.7.0',
263 silly addNameRange     '1.8.0',
263 silly addNameRange     '1.8.1',
263 silly addNameRange     '1.8.2',
263 silly addNameRange     '1.8.3',
263 silly addNameRange     '1.8.4',
263 silly addNameRange     '1.9.0',
263 silly addNameRange     '2.0.0',
263 silly addNameRange     '2.0.1',
263 silly addNameRange     '2.0.2',
263 silly addNameRange     '2.0.3',
263 silly addNameRange     '2.0.4',
263 silly addNameRange     '2.0.5' ] ]
264 silly addNamed nan@1.9.0
265 verbose addNamed "1.9.0" is a plain semver version for nan
266 silly cache afterAdd nan@1.9.0
267 verbose afterAdd /Users/mark/.npm/nan/1.9.0/package/package.json not in flight; writing
268 verbose afterAdd /Users/mark/.npm/nan/1.9.0/package/package.json written
269 http 304 https://registry.npmjs.org/bindings
270 silly get cb [ 304,
270 silly get   { 'cache-control': 'max-age=60',
270 silly get     'accept-ranges': 'bytes',
270 silly get     date: 'Fri, 14 Aug 2015 15:27:58 GMT',
270 silly get     via: '1.1 varnish',
270 silly get     connection: 'keep-alive',
270 silly get     'x-served-by': 'cache-syd1621-SYD',
270 silly get     'x-cache': 'MISS',
270 silly get     'x-cache-hits': '0',
270 silly get     'x-timer': 'S1439566077.269882,VS0,VE918' } ]
271 verbose etag https://registry.npmjs.org/bindings from cache
272 verbose get saving bindings to /Users/mark/.npm/registry.npmjs.org/bindings/.cache.json
273 silly addNameRange number 2 { name: 'bindings', range: '>=1.2.0 <2.0.0', hasData: true }
274 silly addNameRange versions [ 'bindings',
274 silly addNameRange   [ '0.0.1',
274 silly addNameRange     '0.1.0',
274 silly addNameRange     '0.1.1',
274 silly addNameRange     '0.2.0',
274 silly addNameRange     '0.2.1',
274 silly addNameRange     '0.2.2',
274 silly addNameRange     '0.2.3',
274 silly addNameRange     '0.2.4',
274 silly addNameRange     '0.3.0',
274 silly addNameRange     '0.4.0',
274 silly addNameRange     '1.0.0',
274 silly addNameRange     '1.1.0',
274 silly addNameRange     '1.1.1',
274 silly addNameRange     '1.2.0',
274 silly addNameRange     '1.2.1' ] ]
275 silly addNamed bindings@1.2.1
276 verbose addNamed "1.2.1" is a plain semver version for bindings
277 silly cache afterAdd bindings@1.2.1
278 verbose afterAdd /Users/mark/.npm/bindings/1.2.1/package/package.json not in flight; writing
279 verbose afterAdd /Users/mark/.npm/bindings/1.2.1/package/package.json written
280 silly install resolved [ { name: 'lodash',
280 silly install resolved     version: '3.10.1',
280 silly install resolved     description: 'The modern build of lodash modular utilities.',
280 silly install resolved     homepage: 'https://lodash.com/',
280 silly install resolved     icon: 'https://lodash.com/icon.svg',
280 silly install resolved     license: 'MIT',
280 silly install resolved     main: 'index.js',
280 silly install resolved     keywords: [ 'modules', 'stdlib', 'util' ],
280 silly install resolved     author:
280 silly install resolved      { name: 'John-David Dalton',
280 silly install resolved        email: 'john.david.dalton@gmail.com',
280 silly install resolved        url: 'http://allyoucanleet.com/' },
280 silly install resolved     contributors: [ [Object], [Object], [Object], [Object], [Object] ],
280 silly install resolved     repository: { type: 'git', url: 'git+https://github.com/lodash/lodash.git' },
280 silly install resolved     scripts: { test: 'echo "See https://travis-ci.org/lodash/lodash-cli for testing details."' },
280 silly install resolved     bugs: { url: 'https://github.com/lodash/lodash/issues' },
280 silly install resolved     _id: 'lodash@3.10.1',
280 silly install resolved     _shasum: '5bf45e8e49ba4189e17d482789dfd15bd140b7b6',
280 silly install resolved     _from: 'lodash@>=3.9.3 <4.0.0',
280 silly install resolved     _npmVersion: '2.13.1',
280 silly install resolved     _nodeVersion: '0.12.5',
280 silly install resolved     _npmUser: { name: 'jdalton', email: 'john.david.dalton@gmail.com' },
280 silly install resolved     maintainers: [ [Object], [Object], [Object], [Object], [Object] ],
280 silly install resolved     dist:
280 silly install resolved      { shasum: '5bf45e8e49ba4189e17d482789dfd15bd140b7b6',
280 silly install resolved        tarball: 'http://registry.npmjs.org/lodash/-/lodash-3.10.1.tgz' },
280 silly install resolved     directories: {},
280 silly install resolved     _resolved: 'https://registry.npmjs.org/lodash/-/lodash-3.10.1.tgz',
280 silly install resolved     readme: 'ERROR: No README data found!' },
280 silly install resolved   { name: 'nan',
280 silly install resolved     version: '1.9.0',
280 silly install resolved     description: 'Native Abstractions for Node.js: C++ header for Node 0.8->0.12 compatibility',
280 silly install resolved     main: 'include_dirs.js',
280 silly install resolved     repository: { type: 'git', url: 'git://github.com/nodejs/nan.git' },
280 silly install resolved     scripts:
280 silly install resolved      { test: 'tap --gc test/js/*-test.js',
280 silly install resolved        'rebuild-tests': 'pangyp rebuild --msvs_version=2013 --directory test' },
280 silly install resolved     contributors:
280 silly install resolved      [ [Object],
280 silly install resolved        [Object],
280 silly install resolved        [Object],
280 silly install resolved        [Object],
280 silly install resolved        [Object],
280 silly install resolved        [Object],
280 silly install resolved        [Object] ],
280 silly install resolved     devDependencies:
280 silly install resolved      { bindings: '~1.2.1',
280 silly install resolved        'node-gyp': '~2.0.2',
280 silly install resolved        pangyp: '~2.2.0',
280 silly install resolved        tap: '~0.7.1',
280 silly install resolved        xtend: '~4.0.0' },
280 silly install resolved     license: 'MIT',
280 silly install resolved     gitHead: '399b3a54ada39a7cf7a11978ea727eae3686666e',
280 silly install resolved     bugs: { url: 'https://github.com/nodejs/nan/issues' },
280 silly install resolved     homepage: 'https://github.com/nodejs/nan#readme',
280 silly install resolved     _id: 'nan@1.9.0',
280 silly install resolved     _shasum: '1a9cd2755609766f5c291e4194fce39fde286515',
280 silly install resolved     _from: 'nan@>=1.5.0 <2.0.0',
280 silly install resolved     _npmVersion: '2.13.3',
280 silly install resolved     _nodeVersion: '0.12.2',
280 silly install resolved     _npmUser: { name: 'kkoopa', email: 'bbyholm@abo.fi' },
280 silly install resolved     maintainers: [ [Object], [Object] ],
280 silly install resolved     dist:
280 silly install resolved      { shasum: '1a9cd2755609766f5c291e4194fce39fde286515',
280 silly install resolved        tarball: 'http://registry.npmjs.org/nan/-/nan-1.9.0.tgz' },
280 silly install resolved     directories: {},
280 silly install resolved     _resolved: 'https://registry.npmjs.org/nan/-/nan-1.9.0.tgz',
280 silly install resolved     readme: 'ERROR: No README data found!' },
280 silly install resolved   { name: 'bindings',
280 silly install resolved     description: 'Helper module for loading your native module\'s .node file',
280 silly install resolved     keywords: [ 'native', 'addon', 'bindings', 'gyp', 'waf', 'c', 'c++' ],
280 silly install resolved     version: '1.2.1',
280 silly install resolved     author:
280 silly install resolved      { name: 'Nathan Rajlich',
280 silly install resolved        email: 'nathan@tootallnate.net',
280 silly install resolved        url: 'http://tootallnate.net' },
280 silly install resolved     repository:
280 silly install resolved      { type: 'git',
280 silly install resolved        url: 'git://github.com/TooTallNate/node-bindings.git' },
280 silly install resolved     main: './bindings.js',
280 silly install resolved     bugs: { url: 'https://github.com/TooTallNate/node-bindings/issues' },
280 silly install resolved     homepage: 'https://github.com/TooTallNate/node-bindings',
280 silly install resolved     license: 'MIT',
280 silly install resolved     readme: 'node-bindings\n=============\n### Helper module for loading your native module\'s .node file\n\nThis is a helper module for authors of Node.js native addon modules.\nIt is basically the "swiss army knife" of `require()`ing your native module\'s\n`.node` file.\n\nThroughout the course of Node\'s native addon history, addons have ended up being\ncompiled in a variety of different places, depending on which build tool and which\nversion of node was used. To make matters worse, now the _gyp_ build tool can\nproduce either a _Release_ or _Debug_ build, each being built into different\nlocations.\n\nThis module checks _all_ the possible locations that a native addon would be built\nat, and returns the first one that loads successfully.\n\n\nInstallation\n------------\n\nInstall with `npm`:\n\n``` bash\n$ npm install bindings\n```\n\nOr add it to the `"dependencies"` section of your _package.json_ file.\n\n\nExample\n-------\n\n`require()`ing the proper bindings file for the current node version, platform\nand architecture is as simple as:\n\n``` js\nvar bindings = require(\'bindings\')(\'binding.node\')\n\n// Use your bindings defined in your C files\nbindings.your_c_function()\n```\n\n\nNice Error Output\n-----------------\n\nWhen the `.node` file could not be loaded, `node-bindings` throws an Error with\na nice error message telling you exactly what was tried. You can also check the\n`err.tries` Array property.\n\n```\nError: Could not load the bindings file. Tried:\n → /Users/nrajlich/ref/build/binding.node\n → /Users/nrajlich/ref/build/Debug/binding.node\n → /Users/nrajlich/ref/build/Release/binding.node\n → /Users/nrajlich/ref/out/Debug/binding.node\n → /Users/nrajlich/ref/Debug/binding.node\n → /Users/nrajlich/ref/out/Release/binding.node\n → /Users/nrajlich/ref/Release/binding.node\n → /Users/nrajlich/ref/build/default/binding.node\n → /Users/nrajlich/ref/compiled/0.8.2/darwin/x64/binding.node\n    at bindings (/Users/nrajlich/ref/node_modules/bindings/bindings.js:84:13)\n    at Object.<anonymous> (/Users/nrajlich/ref/lib/ref.js:5:47)\n    at Module._compile (module.js:449:26)\n    at Object.Module._extensions..js (module.js:467:10)\n    at Module.load (module.js:356:32)\n    at Function.Module._load (module.js:312:12)\n    ...\n```\n\n\nLicense\n-------\n\n(The MIT License)\n\nCopyright (c) 2012 Nathan Rajlich &lt;nathan@tootallnate.net&gt;\n\nPermission is hereby granted, free of charge, to any person obtaining\na copy of this software and associated documentation files (the\n\'Software\'), to deal in the Software without restriction, including\nwithout limitation the rights to use, copy, modify, merge, publish,\ndistribute, sublicense, and/or sell copies of the Software, and to\npermit persons to whom the Software is furnished to do so, subject to\nthe following conditions:\n\nThe above copyright notice and this permission notice shall be\nincluded in all copies or substantial portions of the Software.\n\nTHE SOFTWARE IS PROVIDED \'AS IS\', WITHOUT WARRANTY OF ANY KIND,\nEXPRESS OR IMPLIED, INCLUDING BUT NOT LIMITED TO THE WARRANTIES OF\nMERCHANTABILITY, FITNESS FOR A PARTICULAR PURPOSE AND NONINFRINGEMENT.\nIN NO EVENT SHALL THE AUTHORS OR COPYRIGHT HOLDERS BE LIABLE FOR ANY\nCLAIM, DAMAGES OR OTHER LIABILITY, WHETHER IN AN ACTION OF CONTRACT,\nTORT OR OTHERWISE, ARISING FROM, OUT OF OR IN CONNECTION WITH THE\nSOFTWARE OR THE USE OR OTHER DEALINGS IN THE SOFTWARE.\n',
280 silly install resolved     readmeFilename: 'README.md',
280 silly install resolved     _id: 'bindings@1.2.1',
280 silly install resolved     _shasum: '14ad6113812d2d37d72e67b4cacb4bb726505f11',
280 silly install resolved     _from: 'bindings@>=1.2.0 <2.0.0',
280 silly install resolved     _resolved: 'https://registry.npmjs.org/bindings/-/bindings-1.2.1.tgz',
280 silly install resolved     scripts: {} } ]
281 info install lodash@3.10.1 into /Users/mark/src/modules/net-fuse/node_modules/grpc
282 info install nan@1.9.0 into /Users/mark/src/modules/net-fuse/node_modules/grpc
283 info install bindings@1.2.1 into /Users/mark/src/modules/net-fuse/node_modules/grpc
284 info installOne lodash@3.10.1
285 verbose installOne of lodash to /Users/mark/src/modules/net-fuse/node_modules/grpc not in flight; installing
286 info installOne nan@1.9.0
287 verbose installOne of nan to /Users/mark/src/modules/net-fuse/node_modules/grpc not in flight; installing
288 info installOne bindings@1.2.1
289 verbose installOne of bindings to /Users/mark/src/modules/net-fuse/node_modules/grpc not in flight; installing
290 verbose lock using /Users/mark/.npm/_locks/lodash-821e84107669ad71.lock for /Users/mark/src/modules/net-fuse/node_modules/grpc/node_modules/lodash
291 silly install write writing lodash 3.10.1 to /Users/mark/src/modules/net-fuse/node_modules/grpc/node_modules/lodash
292 verbose lock using /Users/mark/.npm/_locks/bindings-decb31434348a77f.lock for /Users/mark/src/modules/net-fuse/node_modules/grpc/node_modules/bindings
293 verbose lock using /Users/mark/.npm/_locks/nan-db4cf26647936ac1.lock for /Users/mark/src/modules/net-fuse/node_modules/grpc/node_modules/nan
294 silly install write writing bindings 1.2.1 to /Users/mark/src/modules/net-fuse/node_modules/grpc/node_modules/bindings
295 silly install write writing nan 1.9.0 to /Users/mark/src/modules/net-fuse/node_modules/grpc/node_modules/nan
296 verbose unbuild node_modules/grpc/node_modules/lodash
297 verbose unbuild node_modules/grpc/node_modules/bindings
298 verbose unbuild node_modules/grpc/node_modules/nan
299 silly gentlyRm /Users/mark/src/modules/net-fuse/node_modules/grpc/node_modules/lodash is being purged from base /Users/mark/src/modules/net-fuse
300 verbose gentlyRm don't care about contents; nuking /Users/mark/src/modules/net-fuse/node_modules/grpc/node_modules/lodash
301 verbose tar unpack /Users/mark/.npm/lodash/3.10.1/package.tgz
302 verbose tar unpacking to /Users/mark/src/modules/net-fuse/node_modules/grpc/node_modules/lodash
303 silly gentlyRm /Users/mark/src/modules/net-fuse/node_modules/grpc/node_modules/lodash is being purged
304 verbose gentlyRm don't care about contents; nuking /Users/mark/src/modules/net-fuse/node_modules/grpc/node_modules/lodash
305 silly gentlyRm /Users/mark/src/modules/net-fuse/node_modules/grpc/node_modules/bindings is being purged from base /Users/mark/src/modules/net-fuse
306 verbose gentlyRm don't care about contents; nuking /Users/mark/src/modules/net-fuse/node_modules/grpc/node_modules/bindings
307 silly gentlyRm /Users/mark/src/modules/net-fuse/node_modules/grpc/node_modules/nan is being purged from base /Users/mark/src/modules/net-fuse
308 verbose gentlyRm don't care about contents; nuking /Users/mark/src/modules/net-fuse/node_modules/grpc/node_modules/nan
309 silly gunzTarPerm modes [ '755', '644' ]
310 verbose tar unpack /Users/mark/.npm/bindings/1.2.1/package.tgz
311 verbose tar unpacking to /Users/mark/src/modules/net-fuse/node_modules/grpc/node_modules/bindings
312 silly gentlyRm /Users/mark/src/modules/net-fuse/node_modules/grpc/node_modules/bindings is being purged
313 verbose gentlyRm don't care about contents; nuking /Users/mark/src/modules/net-fuse/node_modules/grpc/node_modules/bindings
314 verbose tar unpack /Users/mark/.npm/nan/1.9.0/package.tgz
315 verbose tar unpacking to /Users/mark/src/modules/net-fuse/node_modules/grpc/node_modules/nan
316 silly gentlyRm /Users/mark/src/modules/net-fuse/node_modules/grpc/node_modules/nan is being purged
317 verbose gentlyRm don't care about contents; nuking /Users/mark/src/modules/net-fuse/node_modules/grpc/node_modules/nan
318 silly gunzTarPerm modes [ '755', '644' ]
319 silly gunzTarPerm modes [ '755', '644' ]
320 silly gunzTarPerm extractEntry package.json
321 silly gunzTarPerm extractEntry package.json
322 silly gunzTarPerm extractEntry package.json
323 silly gunzTarPerm modified mode [ 'package.json', 436, 420 ]
324 silly gunzTarPerm extractEntry README.md
325 silly gunzTarPerm extractEntry LICENSE
326 silly gunzTarPerm extractEntry README.md
327 silly gunzTarPerm extractEntry bindings.js
328 silly gunzTarPerm extractEntry README.md
329 silly gunzTarPerm modified mode [ 'README.md', 436, 420 ]
330 silly gunzTarPerm extractEntry include_dirs.js
331 silly gunzTarPerm modified mode [ 'include_dirs.js', 436, 420 ]
332 silly gunzTarPerm extractEntry chain.js
333 silly gunzTarPerm extractEntry string.js
334 silly gunzTarPerm extractEntry LICENSE.md
335 silly gunzTarPerm modified mode [ 'LICENSE.md', 436, 420 ]
336 silly gunzTarPerm extractEntry .dntrc
337 silly gunzTarPerm modified mode [ '.dntrc', 436, 420 ]
338 silly gunzTarPerm extractEntry appveyor.yml
339 silly gunzTarPerm modified mode [ 'appveyor.yml', 436, 420 ]
340 silly gunzTarPerm extractEntry collection.js
341 silly gunzTarPerm extractEntry nan.h
342 silly gunzTarPerm modified mode [ 'nan.h', 436, 420 ]
343 silly gunzTarPerm extractEntry array.js
344 silly gunzTarPerm extractEntry date.js
345 verbose write writing to /Users/mark/src/modules/net-fuse/node_modules/grpc/node_modules/bindings/package.json
346 silly gunzTarPerm extractEntry number.js
347 silly gunzTarPerm extractEntry function.js
348 info preinstall bindings@1.2.1
349 verbose readDependencies loading dependencies from /Users/mark/src/modules/net-fuse/node_modules/grpc/node_modules/bindings/package.json
350 verbose readDependencies loading dependencies from /Users/mark/src/modules/net-fuse/node_modules/grpc/node_modules/bindings/package.json
351 silly gunzTarPerm extractEntry index.js
352 silly gunzTarPerm extractEntry math.js
353 silly install resolved []
354 verbose about to build /Users/mark/src/modules/net-fuse/node_modules/grpc/node_modules/bindings
355 info build /Users/mark/src/modules/net-fuse/node_modules/grpc/node_modules/bindings
356 silly gunzTarPerm extractEntry nan_implementation_12_inl.h
357 silly gunzTarPerm modified mode [ 'nan_implementation_12_inl.h', 436, 420 ]
358 info linkStuff bindings@1.2.1
359 silly linkStuff bindings@1.2.1 has /Users/mark/src/modules/net-fuse/node_modules/grpc/node_modules as its parent node_modules
360 silly gunzTarPerm extractEntry support.js
361 silly gunzTarPerm extractEntry lang.js
362 verbose linkBins bindings@1.2.1
363 verbose linkMans bindings@1.2.1
364 verbose rebuildBundles bindings@1.2.1
365 info install bindings@1.2.1
366 info postinstall bindings@1.2.1
367 verbose unlock done using /Users/mark/.npm/_locks/bindings-decb31434348a77f.lock for /Users/mark/src/modules/net-fuse/node_modules/grpc/node_modules/bindings
368 silly gunzTarPerm extractEntry object.js
369 silly gunzTarPerm extractEntry utility.js
370 silly gunzTarPerm extractEntry collection/all.js
371 silly gunzTarPerm extractEntry collection/forEachRight.js
372 silly gunzTarPerm extractEntry nan_implementation_pre_12_inl.h
373 silly gunzTarPerm modified mode [ 'nan_implementation_pre_12_inl.h', 436, 420 ]
374 silly gunzTarPerm extractEntry collection/groupBy.js
375 silly gunzTarPerm extractEntry collection/include.js
376 silly gunzTarPerm extractEntry nan_new.h
377 silly gunzTarPerm modified mode [ 'nan_new.h', 436, 420 ]
378 silly gunzTarPerm extractEntry nan_string_bytes.h
379 silly gunzTarPerm modified mode [ 'nan_string_bytes.h', 436, 420 ]
380 silly gunzTarPerm extractEntry collection/includes.js
381 silly gunzTarPerm extractEntry collection/forEach.js
382 silly gunzTarPerm extractEntry collection/inject.js
383 silly gunzTarPerm extractEntry CHANGELOG.md
384 silly gunzTarPerm modified mode [ 'CHANGELOG.md', 436, 420 ]
385 silly gunzTarPerm extractEntry tools/node_modules/commander/package.json
386 silly gunzTarPerm modified mode [ 'tools/node_modules/commander/package.json', 436, 420 ]
387 silly gunzTarPerm extractEntry tools/node_modules/commander/LICENSE
388 silly gunzTarPerm modified mode [ 'tools/node_modules/commander/LICENSE', 436, 420 ]
389 silly gunzTarPerm extractEntry tools/node_modules/commander/index.js
390 silly gunzTarPerm modified mode [ 'tools/node_modules/commander/index.js', 436, 420 ]
391 silly gunzTarPerm extractEntry collection/invoke.js
392 silly gunzTarPerm extractEntry tools/node_modules/commander/History.md
393 silly gunzTarPerm modified mode [ 'tools/node_modules/commander/History.md', 436, 420 ]
394 silly gunzTarPerm extractEntry tools/node_modules/commander/Readme.md
395 silly gunzTarPerm modified mode [ 'tools/node_modules/commander/Readme.md', 436, 420 ]
396 silly gunzTarPerm extractEntry tools/node_modules/commander/node_modules/graceful-readlink/package.json
397 silly gunzTarPerm modified mode [ 'tools/node_modules/commander/node_modules/graceful-readlink/package.json',
397 silly gunzTarPerm   436,
397 silly gunzTarPerm   420 ]
398 silly gunzTarPerm extractEntry tools/node_modules/commander/node_modules/graceful-readlink/.npmignore
399 silly gunzTarPerm modified mode [ 'tools/node_modules/commander/node_modules/graceful-readlink/.npmignore',
399 silly gunzTarPerm   436,
399 silly gunzTarPerm   420 ]
400 silly gunzTarPerm extractEntry tools/node_modules/commander/node_modules/graceful-readlink/README.md
401 silly gunzTarPerm modified mode [ 'tools/node_modules/commander/node_modules/graceful-readlink/README.md',
401 silly gunzTarPerm   436,
401 silly gunzTarPerm   420 ]
402 silly gunzTarPerm extractEntry collection/map.js
403 silly gunzTarPerm extractEntry tools/node_modules/commander/node_modules/graceful-readlink/LICENSE
404 silly gunzTarPerm modified mode [ 'tools/node_modules/commander/node_modules/graceful-readlink/LICENSE',
404 silly gunzTarPerm   436,
404 silly gunzTarPerm   420 ]
405 silly gunzTarPerm extractEntry collection/max.js
406 silly gunzTarPerm extractEntry tools/node_modules/commander/node_modules/graceful-readlink/index.js
407 silly gunzTarPerm modified mode [ 'tools/node_modules/commander/node_modules/graceful-readlink/index.js',
407 silly gunzTarPerm   436,
407 silly gunzTarPerm   420 ]
408 silly gunzTarPerm extractEntry collection/min.js
409 silly gunzTarPerm extractEntry tools/node_modules/commander/node_modules/graceful-readlink/.travis.yml
410 silly gunzTarPerm modified mode [ 'tools/node_modules/commander/node_modules/graceful-readlink/.travis.yml',
410 silly gunzTarPerm   436,
410 silly gunzTarPerm   420 ]
411 silly gunzTarPerm extractEntry collection/foldr.js
412 silly gunzTarPerm extractEntry tools/node_modules/glob/package.json
413 silly gunzTarPerm modified mode [ 'tools/node_modules/glob/package.json', 436, 420 ]
414 silly gunzTarPerm extractEntry collection/partition.js
415 silly gunzTarPerm extractEntry tools/node_modules/glob/README.md
416 silly gunzTarPerm modified mode [ 'tools/node_modules/glob/README.md', 436, 420 ]
417 silly gunzTarPerm extractEntry tools/node_modules/glob/LICENSE
418 silly gunzTarPerm modified mode [ 'tools/node_modules/glob/LICENSE', 436, 420 ]
419 silly gunzTarPerm extractEntry collection/foldl.js
420 silly gunzTarPerm extractEntry tools/node_modules/glob/common.js
421 silly gunzTarPerm modified mode [ 'tools/node_modules/glob/common.js', 436, 420 ]
422 silly gunzTarPerm extractEntry tools/node_modules/glob/glob.js
423 silly gunzTarPerm modified mode [ 'tools/node_modules/glob/glob.js', 436, 420 ]
424 silly gunzTarPerm extractEntry collection/pluck.js
425 silly gunzTarPerm extractEntry tools/node_modules/glob/sync.js
426 silly gunzTarPerm modified mode [ 'tools/node_modules/glob/sync.js', 436, 420 ]
427 silly gunzTarPerm extractEntry tools/node_modules/glob/node_modules/inflight/package.json
428 silly gunzTarPerm modified mode [ 'tools/node_modules/glob/node_modules/inflight/package.json',
428 silly gunzTarPerm   436,
428 silly gunzTarPerm   420 ]
429 silly gunzTarPerm extractEntry collection/findWhere.js
430 silly gunzTarPerm extractEntry tools/node_modules/glob/node_modules/inflight/README.md
431 silly gunzTarPerm modified mode [ 'tools/node_modules/glob/node_modules/inflight/README.md',
431 silly gunzTarPerm   436,
431 silly gunzTarPerm   420 ]
432 silly gunzTarPerm extractEntry tools/node_modules/glob/node_modules/inflight/LICENSE
433 silly gunzTarPerm modified mode [ 'tools/node_modules/glob/node_modules/inflight/LICENSE',
433 silly gunzTarPerm   436,
433 silly gunzTarPerm   420 ]
434 silly gunzTarPerm extractEntry collection/reduce.js
435 silly gunzTarPerm extractEntry tools/node_modules/glob/node_modules/inflight/inflight.js
436 silly gunzTarPerm modified mode [ 'tools/node_modules/glob/node_modules/inflight/inflight.js',
436 silly gunzTarPerm   436,
436 silly gunzTarPerm   420 ]
437 silly gunzTarPerm extractEntry tools/node_modules/glob/node_modules/inflight/test.js
438 silly gunzTarPerm modified mode [ 'tools/node_modules/glob/node_modules/inflight/test.js',
438 silly gunzTarPerm   436,
438 silly gunzTarPerm   420 ]
439 silly gunzTarPerm extractEntry tools/node_modules/glob/node_modules/inflight/.eslintrc
440 silly gunzTarPerm modified mode [ 'tools/node_modules/glob/node_modules/inflight/.eslintrc',
440 silly gunzTarPerm   436,
440 silly gunzTarPerm   420 ]
441 silly gunzTarPerm extractEntry tools/node_modules/glob/node_modules/inflight/node_modules/wrappy/package.json
442 silly gunzTarPerm modified mode [ 'tools/node_modules/glob/node_modules/inflight/node_modules/wrappy/package.json',
442 silly gunzTarPerm   436,
442 silly gunzTarPerm   420 ]
443 silly gunzTarPerm extractEntry tools/node_modules/glob/node_modules/inflight/node_modules/wrappy/README.md
444 silly gunzTarPerm modified mode [ 'tools/node_modules/glob/node_modules/inflight/node_modules/wrappy/README.md',
444 silly gunzTarPerm   436,
444 silly gunzTarPerm   420 ]
445 silly gunzTarPerm extractEntry tools/node_modules/glob/node_modules/inflight/node_modules/wrappy/LICENSE
446 silly gunzTarPerm modified mode [ 'tools/node_modules/glob/node_modules/inflight/node_modules/wrappy/LICENSE',
446 silly gunzTarPerm   436,
446 silly gunzTarPerm   420 ]
447 silly gunzTarPerm extractEntry tools/node_modules/glob/node_modules/inflight/node_modules/wrappy/wrappy.js
448 silly gunzTarPerm modified mode [ 'tools/node_modules/glob/node_modules/inflight/node_modules/wrappy/wrappy.js',
448 silly gunzTarPerm   436,
448 silly gunzTarPerm   420 ]
449 silly gunzTarPerm extractEntry tools/node_modules/glob/node_modules/inflight/node_modules/wrappy/test/basic.js
450 silly gunzTarPerm modified mode [ 'tools/node_modules/glob/node_modules/inflight/node_modules/wrappy/test/basic.js',
450 silly gunzTarPerm   436,
450 silly gunzTarPerm   420 ]
451 silly gunzTarPerm extractEntry tools/node_modules/glob/node_modules/inherits/package.json
452 silly gunzTarPerm modified mode [ 'tools/node_modules/glob/node_modules/inherits/package.json',
452 silly gunzTarPerm   436,
452 silly gunzTarPerm   420 ]
453 silly gunzTarPerm extractEntry tools/node_modules/glob/node_modules/inherits/README.md
454 silly gunzTarPerm modified mode [ 'tools/node_modules/glob/node_modules/inherits/README.md',
454 silly gunzTarPerm   436,
454 silly gunzTarPerm   420 ]
455 silly gunzTarPerm extractEntry tools/node_modules/glob/node_modules/inherits/LICENSE
456 silly gunzTarPerm modified mode [ 'tools/node_modules/glob/node_modules/inherits/LICENSE',
456 silly gunzTarPerm   436,
456 silly gunzTarPerm   420 ]
457 silly gunzTarPerm extractEntry tools/node_modules/glob/node_modules/inherits/inherits.js
458 silly gunzTarPerm modified mode [ 'tools/node_modules/glob/node_modules/inherits/inherits.js',
458 silly gunzTarPerm   436,
458 silly gunzTarPerm   420 ]
459 silly gunzTarPerm extractEntry tools/node_modules/glob/node_modules/inherits/inherits_browser.js
460 silly gunzTarPerm modified mode [ 'tools/node_modules/glob/node_modules/inherits/inherits_browser.js',
460 silly gunzTarPerm   436,
460 silly gunzTarPerm   420 ]
461 silly gunzTarPerm extractEntry tools/node_modules/glob/node_modules/inherits/test.js
462 silly gunzTarPerm modified mode [ 'tools/node_modules/glob/node_modules/inherits/test.js',
462 silly gunzTarPerm   436,
462 silly gunzTarPerm   420 ]
463 silly gunzTarPerm extractEntry tools/node_modules/glob/node_modules/minimatch/package.json
464 silly gunzTarPerm modified mode [ 'tools/node_modules/glob/node_modules/minimatch/package.json',
464 silly gunzTarPerm   436,
464 silly gunzTarPerm   420 ]
465 silly gunzTarPerm extractEntry tools/node_modules/glob/node_modules/minimatch/README.md
466 silly gunzTarPerm modified mode [ 'tools/node_modules/glob/node_modules/minimatch/README.md',
466 silly gunzTarPerm   436,
466 silly gunzTarPerm   420 ]
467 silly gunzTarPerm extractEntry tools/node_modules/glob/node_modules/minimatch/LICENSE
468 silly gunzTarPerm modified mode [ 'tools/node_modules/glob/node_modules/minimatch/LICENSE',
468 silly gunzTarPerm   436,
468 silly gunzTarPerm   420 ]
469 silly gunzTarPerm extractEntry tools/node_modules/glob/node_modules/minimatch/browser.js
470 silly gunzTarPerm modified mode [ 'tools/node_modules/glob/node_modules/minimatch/browser.js',
470 silly gunzTarPerm   436,
470 silly gunzTarPerm   420 ]
471 silly gunzTarPerm extractEntry tools/node_modules/glob/node_modules/minimatch/minimatch.js
472 silly gunzTarPerm modified mode [ 'tools/node_modules/glob/node_modules/minimatch/minimatch.js',
472 silly gunzTarPerm   436,
472 silly gunzTarPerm   420 ]
473 silly gunzTarPerm extractEntry tools/node_modules/glob/node_modules/minimatch/node_modules/brace-expansion/package.json
474 silly gunzTarPerm modified mode [ 'tools/node_modules/glob/node_modules/minimatch/node_modules/brace-expansion/package.json',
474 silly gunzTarPerm   436,
474 silly gunzTarPerm   420 ]
475 silly gunzTarPerm extractEntry tools/node_modules/glob/node_modules/minimatch/node_modules/brace-expansion/.npmignore
476 silly gunzTarPerm modified mode [ 'tools/node_modules/glob/node_modules/minimatch/node_modules/brace-expansion/.npmignore',
476 silly gunzTarPerm   436,
476 silly gunzTarPerm   420 ]
477 silly gunzTarPerm extractEntry tools/node_modules/glob/node_modules/minimatch/node_modules/brace-expansion/README.md
478 silly gunzTarPerm modified mode [ 'tools/node_modules/glob/node_modules/minimatch/node_modules/brace-expansion/README.md',
478 silly gunzTarPerm   436,
478 silly gunzTarPerm   420 ]
479 silly gunzTarPerm extractEntry tools/node_modules/glob/node_modules/minimatch/node_modules/brace-expansion/example.js
480 silly gunzTarPerm modified mode [ 'tools/node_modules/glob/node_modules/minimatch/node_modules/brace-expansion/example.js',
480 silly gunzTarPerm   436,
480 silly gunzTarPerm   420 ]
481 silly gunzTarPerm extractEntry tools/node_modules/glob/node_modules/minimatch/node_modules/brace-expansion/index.js
482 silly gunzTarPerm modified mode [ 'tools/node_modules/glob/node_modules/minimatch/node_modules/brace-expansion/index.js',
482 silly gunzTarPerm   436,
482 silly gunzTarPerm   420 ]
483 silly gunzTarPerm extractEntry tools/node_modules/glob/node_modules/minimatch/node_modules/brace-expansion/.travis.yml
484 silly gunzTarPerm modified mode [ 'tools/node_modules/glob/node_modules/minimatch/node_modules/brace-expansion/.travis.yml',
484 silly gunzTarPerm   436,
484 silly gunzTarPerm   420 ]
485 silly gunzTarPerm extractEntry tools/node_modules/glob/node_modules/minimatch/node_modules/brace-expansion/test/bash-comparison.js
486 silly gunzTarPerm modified mode [ 'tools/node_modules/glob/node_modules/minimatch/node_modules/brace-expansion/test/bash-comparison.js',
486 silly gunzTarPerm   436,
486 silly gunzTarPerm   420 ]
487 silly gunzTarPerm extractEntry tools/node_modules/glob/node_modules/minimatch/node_modules/brace-expansion/test/same-type.js
488 silly gunzTarPerm modified mode [ 'tools/node_modules/glob/node_modules/minimatch/node_modules/brace-expansion/test/same-type.js',
488 silly gunzTarPerm   436,
488 silly gunzTarPerm   420 ]
489 silly gunzTarPerm extractEntry tools/node_modules/glob/node_modules/minimatch/node_modules/brace-expansion/test/dollar.js
490 silly gunzTarPerm modified mode [ 'tools/node_modules/glob/node_modules/minimatch/node_modules/brace-expansion/test/dollar.js',
490 silly gunzTarPerm   436,
490 silly gunzTarPerm   420 ]
491 silly gunzTarPerm extractEntry tools/node_modules/glob/node_modules/minimatch/node_modules/brace-expansion/test/empty-option.js
492 silly gunzTarPerm modified mode [ 'tools/node_modules/glob/node_modules/minimatch/node_modules/brace-expansion/test/empty-option.js',
492 silly gunzTarPerm   436,
492 silly gunzTarPerm   420 ]
493 silly gunzTarPerm extractEntry tools/node_modules/glob/node_modules/minimatch/node_modules/brace-expansion/test/pad.js
494 silly gunzTarPerm modified mode [ 'tools/node_modules/glob/node_modules/minimatch/node_modules/brace-expansion/test/pad.js',
494 silly gunzTarPerm   436,
494 silly gunzTarPerm   420 ]
495 silly gunzTarPerm extractEntry tools/node_modules/glob/node_modules/minimatch/node_modules/brace-expansion/test/order.js
496 silly gunzTarPerm modified mode [ 'tools/node_modules/glob/node_modules/minimatch/node_modules/brace-expansion/test/order.js',
496 silly gunzTarPerm   436,
496 silly gunzTarPerm   420 ]
497 silly gunzTarPerm extractEntry tools/node_modules/glob/node_modules/minimatch/node_modules/brace-expansion/test/nested.js
498 silly gunzTarPerm modified mode [ 'tools/node_modules/glob/node_modules/minimatch/node_modules/brace-expansion/test/nested.js',
498 silly gunzTarPerm   436,
498 silly gunzTarPerm   420 ]
499 silly gunzTarPerm extractEntry tools/node_modules/glob/node_modules/minimatch/node_modules/brace-expansion/test/sequence.js
500 silly gunzTarPerm modified mode [ 'tools/node_modules/glob/node_modules/minimatch/node_modules/brace-expansion/test/sequence.js',
500 silly gunzTarPerm   436,
500 silly gunzTarPerm   420 ]
501 silly gunzTarPerm extractEntry tools/node_modules/glob/node_modules/minimatch/node_modules/brace-expansion/test/negative-increment.js
502 silly gunzTarPerm modified mode [ 'tools/node_modules/glob/node_modules/minimatch/node_modules/brace-expansion/test/negative-increment.js',
502 silly gunzTarPerm   436,
502 silly gunzTarPerm   420 ]
503 silly gunzTarPerm extractEntry tools/node_modules/glob/node_modules/minimatch/node_modules/brace-expansion/test/bash-results.txt
504 silly gunzTarPerm modified mode [ 'tools/node_modules/glob/node_modules/minimatch/node_modules/brace-expansion/test/bash-results.txt',
504 silly gunzTarPerm   436,
504 silly gunzTarPerm   420 ]
505 silly gunzTarPerm extractEntry tools/node_modules/glob/node_modules/minimatch/node_modules/brace-expansion/test/generate.sh
506 silly gunzTarPerm modified mode [ 'tools/node_modules/glob/node_modules/minimatch/node_modules/brace-expansion/test/generate.sh',
506 silly gunzTarPerm   436,
506 silly gunzTarPerm   420 ]
507 silly gunzTarPerm extractEntry tools/node_modules/glob/node_modules/minimatch/node_modules/brace-expansion/test/cases.txt
508 silly gunzTarPerm modified mode [ 'tools/node_modules/glob/node_modules/minimatch/node_modules/brace-expansion/test/cases.txt',
508 silly gunzTarPerm   436,
508 silly gunzTarPerm   420 ]
509 silly gunzTarPerm extractEntry tools/node_modules/glob/node_modules/minimatch/node_modules/brace-expansion/node_modules/balanced-match/package.json
510 silly gunzTarPerm modified mode [ 'tools/node_modules/glob/node_modules/minimatch/node_modules/brace-expansion/node_modules/balanced-match/package.json',
510 silly gunzTarPerm   436,
510 silly gunzTarPerm   420 ]
511 silly gunzTarPerm extractEntry tools/node_modules/glob/node_modules/minimatch/node_modules/brace-expansion/node_modules/balanced-match/.npmignore
512 silly gunzTarPerm modified mode [ 'tools/node_modules/glob/node_modules/minimatch/node_modules/brace-expansion/node_modules/balanced-match/.npmignore',
512 silly gunzTarPerm   436,
512 silly gunzTarPerm   420 ]
513 silly gunzTarPerm extractEntry tools/node_modules/glob/node_modules/minimatch/node_modules/brace-expansion/node_modules/balanced-match/README.md
514 silly gunzTarPerm modified mode [ 'tools/node_modules/glob/node_modules/minimatch/node_modules/brace-expansion/node_modules/balanced-match/README.md',
514 silly gunzTarPerm   436,
514 silly gunzTarPerm   420 ]
515 silly gunzTarPerm extractEntry tools/node_modules/glob/node_modules/minimatch/node_modules/brace-expansion/node_modules/balanced-match/example.js
516 silly gunzTarPerm modified mode [ 'tools/node_modules/glob/node_modules/minimatch/node_modules/brace-expansion/node_modules/balanced-match/example.js',
516 silly gunzTarPerm   436,
516 silly gunzTarPerm   420 ]
517 silly gunzTarPerm extractEntry tools/node_modules/glob/node_modules/minimatch/node_modules/brace-expansion/node_modules/balanced-match/index.js
518 silly gunzTarPerm modified mode [ 'tools/node_modules/glob/node_modules/minimatch/node_modules/brace-expansion/node_modules/balanced-match/index.js',
518 silly gunzTarPerm   436,
518 silly gunzTarPerm   420 ]
519 silly gunzTarPerm extractEntry tools/node_modules/glob/node_modules/minimatch/node_modules/brace-expansion/node_modules/balanced-match/.travis.yml
520 silly gunzTarPerm modified mode [ 'tools/node_modules/glob/node_modules/minimatch/node_modules/brace-expansion/node_modules/balanced-match/.travis.yml',
520 silly gunzTarPerm   436,
520 silly gunzTarPerm   420 ]
521 silly gunzTarPerm extractEntry tools/node_modules/glob/node_modules/minimatch/node_modules/brace-expansion/node_modules/balanced-match/Makefile
522 silly gunzTarPerm modified mode [ 'tools/node_modules/glob/node_modules/minimatch/node_modules/brace-expansion/node_modules/balanced-match/Makefile',
522 silly gunzTarPerm   436,
522 silly gunzTarPerm   420 ]
523 silly gunzTarPerm extractEntry tools/node_modules/glob/node_modules/minimatch/node_modules/brace-expansion/node_modules/balanced-match/test/balanced.js
524 silly gunzTarPerm modified mode [ 'tools/node_modules/glob/node_modules/minimatch/node_modules/brace-expansion/node_modules/balanced-match/test/balanced.js',
524 silly gunzTarPerm   436,
524 silly gunzTarPerm   420 ]
525 silly gunzTarPerm extractEntry tools/node_modules/glob/node_modules/minimatch/node_modules/brace-expansion/node_modules/concat-map/package.json
526 silly gunzTarPerm modified mode [ 'tools/node_modules/glob/node_modules/minimatch/node_modules/brace-expansion/node_modules/concat-map/package.json',
526 silly gunzTarPerm   436,
526 silly gunzTarPerm   420 ]
527 silly gunzTarPerm extractEntry tools/node_modules/glob/node_modules/minimatch/node_modules/brace-expansion/node_modules/concat-map/LICENSE
528 silly gunzTarPerm modified mode [ 'tools/node_modules/glob/node_modules/minimatch/node_modules/brace-expansion/node_modules/concat-map/LICENSE',
528 silly gunzTarPerm   436,
528 silly gunzTarPerm   420 ]
529 silly gunzTarPerm extractEntry tools/node_modules/glob/node_modules/minimatch/node_modules/brace-expansion/node_modules/concat-map/index.js
530 silly gunzTarPerm modified mode [ 'tools/node_modules/glob/node_modules/minimatch/node_modules/brace-expansion/node_modules/concat-map/index.js',
530 silly gunzTarPerm   436,
530 silly gunzTarPerm   420 ]
531 silly gunzTarPerm extractEntry tools/node_modules/glob/node_modules/minimatch/node_modules/brace-expansion/node_modules/concat-map/.travis.yml
532 silly gunzTarPerm modified mode [ 'tools/node_modules/glob/node_modules/minimatch/node_modules/brace-expansion/node_modules/concat-map/.travis.yml',
532 silly gunzTarPerm   436,
532 silly gunzTarPerm   420 ]
533 silly gunzTarPerm extractEntry tools/node_modules/glob/node_modules/minimatch/node_modules/brace-expansion/node_modules/concat-map/README.markdown
534 silly gunzTarPerm modified mode [ 'tools/node_modules/glob/node_modules/minimatch/node_modules/brace-expansion/node_modules/concat-map/README.markdown',
534 silly gunzTarPerm   436,
534 silly gunzTarPerm   420 ]
535 silly gunzTarPerm extractEntry tools/node_modules/glob/node_modules/minimatch/node_modules/brace-expansion/node_modules/concat-map/example/map.js
536 silly gunzTarPerm modified mode [ 'tools/node_modules/glob/node_modules/minimatch/node_modules/brace-expansion/node_modules/concat-map/example/map.js',
536 silly gunzTarPerm   436,
536 silly gunzTarPerm   420 ]
537 silly gunzTarPerm extractEntry tools/node_modules/glob/node_modules/minimatch/node_modules/brace-expansion/node_modules/concat-map/test/map.js
538 silly gunzTarPerm modified mode [ 'tools/node_modules/glob/node_modules/minimatch/node_modules/brace-expansion/node_modules/concat-map/test/map.js',
538 silly gunzTarPerm   436,
538 silly gunzTarPerm   420 ]
539 silly gunzTarPerm extractEntry tools/node_modules/glob/node_modules/once/package.json
540 silly gunzTarPerm modified mode [ 'tools/node_modules/glob/node_modules/once/package.json',
540 silly gunzTarPerm   436,
540 silly gunzTarPerm   420 ]
541 silly gunzTarPerm extractEntry tools/node_modules/glob/node_modules/once/README.md
542 silly gunzTarPerm modified mode [ 'tools/node_modules/glob/node_modules/once/README.md',
542 silly gunzTarPerm   436,
542 silly gunzTarPerm   420 ]
543 silly gunzTarPerm extractEntry tools/node_modules/glob/node_modules/once/LICENSE
544 silly gunzTarPerm modified mode [ 'tools/node_modules/glob/node_modules/once/LICENSE', 436, 420 ]
545 silly gunzTarPerm extractEntry tools/node_modules/glob/node_modules/once/once.js
546 silly gunzTarPerm modified mode [ 'tools/node_modules/glob/node_modules/once/once.js', 436, 420 ]
547 silly gunzTarPerm extractEntry tools/node_modules/glob/node_modules/once/test/once.js
548 silly gunzTarPerm modified mode [ 'tools/node_modules/glob/node_modules/once/test/once.js',
548 silly gunzTarPerm   436,
548 silly gunzTarPerm   420 ]
549 silly gunzTarPerm extractEntry tools/node_modules/glob/node_modules/once/node_modules/wrappy/package.json
550 silly gunzTarPerm modified mode [ 'tools/node_modules/glob/node_modules/once/node_modules/wrappy/package.json',
550 silly gunzTarPerm   436,
550 silly gunzTarPerm   420 ]
551 silly gunzTarPerm extractEntry tools/node_modules/glob/node_modules/once/node_modules/wrappy/README.md
552 silly gunzTarPerm modified mode [ 'tools/node_modules/glob/node_modules/once/node_modules/wrappy/README.md',
552 silly gunzTarPerm   436,
552 silly gunzTarPerm   420 ]
553 silly gunzTarPerm extractEntry tools/node_modules/glob/node_modules/once/node_modules/wrappy/LICENSE
554 silly gunzTarPerm modified mode [ 'tools/node_modules/glob/node_modules/once/node_modules/wrappy/LICENSE',
554 silly gunzTarPerm   436,
554 silly gunzTarPerm   420 ]
555 silly gunzTarPerm extractEntry tools/node_modules/glob/node_modules/once/node_modules/wrappy/wrappy.js
556 silly gunzTarPerm modified mode [ 'tools/node_modules/glob/node_modules/once/node_modules/wrappy/wrappy.js',
556 silly gunzTarPerm   436,
556 silly gunzTarPerm   420 ]
557 silly gunzTarPerm extractEntry tools/node_modules/glob/node_modules/once/node_modules/wrappy/test/basic.js
558 silly gunzTarPerm modified mode [ 'tools/node_modules/glob/node_modules/once/node_modules/wrappy/test/basic.js',
558 silly gunzTarPerm   436,
558 silly gunzTarPerm   420 ]
559 silly gunzTarPerm extractEntry tools/node_modules/glob/node_modules/path-is-absolute/package.json
560 silly gunzTarPerm modified mode [ 'tools/node_modules/glob/node_modules/path-is-absolute/package.json',
560 silly gunzTarPerm   436,
560 silly gunzTarPerm   420 ]
561 silly gunzTarPerm extractEntry tools/node_modules/glob/node_modules/path-is-absolute/index.js
562 silly gunzTarPerm modified mode [ 'tools/node_modules/glob/node_modules/path-is-absolute/index.js',
562 silly gunzTarPerm   436,
562 silly gunzTarPerm   420 ]
563 silly gunzTarPerm extractEntry tools/node_modules/glob/node_modules/path-is-absolute/license
564 silly gunzTarPerm modified mode [ 'tools/node_modules/glob/node_modules/path-is-absolute/license',
564 silly gunzTarPerm   436,
564 silly gunzTarPerm   420 ]
565 silly gunzTarPerm extractEntry tools/node_modules/glob/node_modules/path-is-absolute/readme.md
566 silly gunzTarPerm modified mode [ 'tools/node_modules/glob/node_modules/path-is-absolute/readme.md',
566 silly gunzTarPerm   436,
566 silly gunzTarPerm   420 ]
567 silly gunzTarPerm extractEntry collection/findLast.js
568 silly gunzTarPerm extractEntry collection/reduceRight.js
569 silly gunzTarPerm extractEntry collection/find.js
570 silly gunzTarPerm extractEntry collection/reject.js
571 silly gunzTarPerm extractEntry collection/filter.js
572 silly gunzTarPerm extractEntry collection/sample.js
573 silly gunzTarPerm extractEntry collection/every.js
574 silly gunzTarPerm extractEntry collection/select.js
575 silly gunzTarPerm extractEntry collection/eachRight.js
576 silly gunzTarPerm extractEntry collection/shuffle.js
577 silly gunzTarPerm extractEntry collection/each.js
578 silly gunzTarPerm extractEntry collection/size.js
579 silly gunzTarPerm extractEntry collection/detect.js
580 silly gunzTarPerm extractEntry collection/some.js
581 silly gunzTarPerm extractEntry collection/countBy.js
582 silly gunzTarPerm extractEntry collection/sortBy.js
583 silly gunzTarPerm extractEntry collection/contains.js
584 silly gunzTarPerm extractEntry collection/sortByAll.js
585 silly gunzTarPerm extractEntry collection/collect.js
586 silly gunzTarPerm extractEntry collection/sortByOrder.js
587 silly gunzTarPerm extractEntry collection/at.js
588 silly gunzTarPerm extractEntry collection/sum.js
589 silly gunzTarPerm extractEntry collection/any.js
590 silly gunzTarPerm extractEntry collection/where.js
591 silly gunzTarPerm extractEntry collection/indexBy.js
592 silly gunzTarPerm extractEntry math/add.js
593 silly gunzTarPerm extractEntry math/ceil.js
594 silly gunzTarPerm extractEntry math/floor.js
595 silly gunzTarPerm extractEntry math/max.js
596 silly gunzTarPerm extractEntry math/min.js
597 silly gunzTarPerm extractEntry math/round.js
598 silly gunzTarPerm extractEntry math/sum.js
599 silly gunzTarPerm extractEntry number/inRange.js
600 silly gunzTarPerm extractEntry number/random.js
601 silly gunzTarPerm extractEntry function/after.js
602 silly gunzTarPerm extractEntry function/curryRight.js
603 silly gunzTarPerm extractEntry function/debounce.js
604 silly gunzTarPerm extractEntry function/defer.js
605 silly gunzTarPerm extractEntry function/delay.js
606 silly gunzTarPerm extractEntry function/curry.js
607 silly gunzTarPerm extractEntry function/flowRight.js
608 silly gunzTarPerm extractEntry function/memoize.js
609 silly gunzTarPerm extractEntry function/modArgs.js
610 silly gunzTarPerm extractEntry function/negate.js
611 silly gunzTarPerm extractEntry function/once.js
612 silly gunzTarPerm extractEntry function/compose.js
613 silly gunzTarPerm extractEntry function/partial.js
614 silly gunzTarPerm extractEntry function/bindKey.js
615 silly gunzTarPerm extractEntry function/partialRight.js
616 silly gunzTarPerm extractEntry function/bindAll.js
617 silly gunzTarPerm extractEntry function/rearg.js
618 silly gunzTarPerm extractEntry function/bind.js
619 silly gunzTarPerm extractEntry function/restParam.js
620 silly gunzTarPerm extractEntry function/before.js
621 silly gunzTarPerm extractEntry function/spread.js
622 silly gunzTarPerm extractEntry function/backflow.js
623 silly gunzTarPerm extractEntry function/throttle.js
624 silly gunzTarPerm extractEntry function/ary.js
625 silly gunzTarPerm extractEntry function/wrap.js
626 silly gunzTarPerm extractEntry function/flow.js
627 silly gunzTarPerm extractEntry object/assign.js
628 silly gunzTarPerm extractEntry object/functions.js
629 silly gunzTarPerm extractEntry object/get.js
630 silly gunzTarPerm extractEntry object/has.js
631 silly gunzTarPerm extractEntry object/forOwnRight.js
632 silly gunzTarPerm extractEntry object/keys.js
633 silly gunzTarPerm extractEntry object/keysIn.js
634 silly gunzTarPerm extractEntry object/mapKeys.js
635 silly gunzTarPerm extractEntry object/mapValues.js
636 silly gunzTarPerm extractEntry object/merge.js
637 silly gunzTarPerm extractEntry object/forOwn.js
638 silly gunzTarPerm extractEntry object/methods.js
639 silly gunzTarPerm extractEntry object/forInRight.js
640 silly gunzTarPerm extractEntry object/omit.js
641 silly gunzTarPerm extractEntry object/forIn.js
642 silly gunzTarPerm extractEntry object/pairs.js
643 silly gunzTarPerm extractEntry object/findLastKey.js
644 silly gunzTarPerm extractEntry object/pick.js
645 silly gunzTarPerm extractEntry object/findKey.js
646 silly gunzTarPerm extractEntry object/result.js
647 silly gunzTarPerm extractEntry object/extend.js
648 silly gunzTarPerm extractEntry object/set.js
649 silly gunzTarPerm extractEntry object/defaultsDeep.js
650 silly gunzTarPerm extractEntry object/transform.js
651 silly gunzTarPerm extractEntry object/defaults.js
652 silly gunzTarPerm extractEntry object/values.js
653 silly gunzTarPerm extractEntry object/create.js
654 silly gunzTarPerm extractEntry object/valuesIn.js
655 silly gunzTarPerm extractEntry object/invert.js
656 silly gunzTarPerm extractEntry date/now.js
657 silly gunzTarPerm extractEntry internal/LazyWrapper.js
658 silly gunzTarPerm extractEntry internal/compareAscending.js
659 silly gunzTarPerm extractEntry internal/compareMultiple.js
660 silly gunzTarPerm extractEntry internal/composeArgs.js
661 silly gunzTarPerm extractEntry internal/charsRightIndex.js
662 silly gunzTarPerm extractEntry internal/createAggregator.js
663 silly gunzTarPerm extractEntry internal/createAssigner.js
664 silly gunzTarPerm extractEntry internal/createBaseEach.js
665 silly gunzTarPerm extractEntry internal/createBaseFor.js
666 silly gunzTarPerm extractEntry internal/createBindWrapper.js
667 silly gunzTarPerm extractEntry internal/charsLeftIndex.js
668 silly gunzTarPerm extractEntry internal/createCache.js
669 silly gunzTarPerm extractEntry internal/cachePush.js
670 silly gunzTarPerm extractEntry internal/createCompounder.js
671 silly gunzTarPerm extractEntry internal/cacheIndexOf.js
672 silly gunzTarPerm extractEntry internal/createCtorWrapper.js
673 silly gunzTarPerm extractEntry internal/bufferClone.js
674 silly gunzTarPerm extractEntry internal/createCurry.js
675 silly gunzTarPerm extractEntry internal/bindCallback.js
676 silly gunzTarPerm extractEntry internal/createDefaults.js
677 silly gunzTarPerm extractEntry internal/binaryIndexBy.js
678 silly gunzTarPerm extractEntry internal/createExtremum.js
679 silly gunzTarPerm extractEntry internal/binaryIndex.js
680 silly gunzTarPerm extractEntry internal/createFind.js
681 silly gunzTarPerm extractEntry internal/baseWrapperValue.js
682 silly gunzTarPerm extractEntry internal/createFindIndex.js
683 silly gunzTarPerm extractEntry internal/baseWhile.js
684 silly gunzTarPerm extractEntry internal/createFindKey.js
685 silly gunzTarPerm extractEntry internal/baseValues.js
686 silly gunzTarPerm extractEntry internal/createFlow.js
687 silly gunzTarPerm extractEntry internal/baseUniq.js
688 silly gunzTarPerm extractEntry internal/createForEach.js
689 silly gunzTarPerm extractEntry internal/baseToString.js
690 silly gunzTarPerm extractEntry internal/createForIn.js
691 silly gunzTarPerm extractEntry internal/baseSum.js
692 silly gunzTarPerm extractEntry internal/createForOwn.js
693 silly gunzTarPerm extractEntry internal/baseSortByOrder.js
694 silly gunzTarPerm extractEntry internal/createHybridWrapper.js
695 silly gunzTarPerm extractEntry internal/baseSortBy.js
696 silly gunzTarPerm extractEntry internal/createObjectMapper.js
697 silly gunzTarPerm extractEntry internal/baseSome.js
698 silly gunzTarPerm extractEntry internal/createPadDir.js
699 silly gunzTarPerm extractEntry internal/baseSlice.js
700 silly gunzTarPerm extractEntry internal/createPadding.js
701 silly gunzTarPerm extractEntry internal/baseSetData.js
702 silly gunzTarPerm extractEntry internal/createPartial.js
703 silly gunzTarPerm extractEntry internal/baseReduce.js
704 silly gunzTarPerm extractEntry internal/createPartialWrapper.js
705 silly gunzTarPerm extractEntry internal/baseRandom.js
706 silly gunzTarPerm extractEntry internal/createReduce.js
707 silly gunzTarPerm extractEntry internal/basePullAt.js
708 silly gunzTarPerm extractEntry internal/createRound.js
709 silly gunzTarPerm extractEntry internal/basePropertyDeep.js
710 silly gunzTarPerm extractEntry internal/createSortedIndex.js
711 silly gunzTarPerm extractEntry internal/baseProperty.js
712 silly gunzTarPerm extractEntry internal/createWrapper.js
713 silly gunzTarPerm extractEntry internal/baseMergeDeep.js
714 silly gunzTarPerm extractEntry internal/deburrLetter.js
715 silly gunzTarPerm extractEntry internal/baseMerge.js
716 silly gunzTarPerm extractEntry internal/equalArrays.js
717 silly gunzTarPerm extractEntry internal/baseMatchesProperty.js
718 silly gunzTarPerm extractEntry internal/equalByTag.js
719 silly gunzTarPerm extractEntry internal/baseMatches.js
720 silly gunzTarPerm extractEntry internal/equalObjects.js
721 silly gunzTarPerm extractEntry internal/baseMap.js
722 silly gunzTarPerm extractEntry internal/escapeHtmlChar.js
723 silly gunzTarPerm extractEntry internal/baseLodash.js
724 silly gunzTarPerm extractEntry internal/escapeRegExpChar.js
725 silly gunzTarPerm extractEntry internal/baseIsMatch.js
726 silly gunzTarPerm extractEntry internal/escapeStringChar.js
727 silly gunzTarPerm extractEntry internal/baseIsFunction.js
728 silly gunzTarPerm extractEntry internal/getData.js
729 silly gunzTarPerm extractEntry internal/baseIsEqualDeep.js
730 silly gunzTarPerm extractEntry internal/getFuncName.js
731 silly gunzTarPerm extractEntry internal/baseIsEqual.js
732 silly gunzTarPerm extractEntry internal/getLength.js
733 silly gunzTarPerm extractEntry internal/baseIndexOf.js
734 silly gunzTarPerm extractEntry internal/getMatchData.js
735 silly gunzTarPerm extractEntry internal/baseGet.js
736 silly gunzTarPerm extractEntry internal/getNative.js
737 silly gunzTarPerm extractEntry internal/baseFunctions.js
738 silly gunzTarPerm extractEntry internal/getView.js
739 silly gunzTarPerm extractEntry internal/baseForRight.js
740 verbose write writing to /Users/mark/src/modules/net-fuse/node_modules/grpc/node_modules/nan/package.json
741 info preinstall nan@1.9.0
742 silly gunzTarPerm extractEntry internal/indexOfNaN.js
743 silly gunzTarPerm extractEntry internal/baseForOwnRight.js
744 verbose readDependencies loading dependencies from /Users/mark/src/modules/net-fuse/node_modules/grpc/node_modules/nan/package.json
745 verbose readDependencies loading dependencies from /Users/mark/src/modules/net-fuse/node_modules/grpc/node_modules/nan/package.json
746 silly gunzTarPerm extractEntry internal/initCloneArray.js
747 silly gunzTarPerm extractEntry internal/baseForOwn.js
748 silly install resolved []
749 verbose about to build /Users/mark/src/modules/net-fuse/node_modules/grpc/node_modules/nan
750 info build /Users/mark/src/modules/net-fuse/node_modules/grpc/node_modules/nan
751 info linkStuff nan@1.9.0
752 silly linkStuff nan@1.9.0 has /Users/mark/src/modules/net-fuse/node_modules/grpc/node_modules as its parent node_modules
753 silly gunzTarPerm extractEntry internal/initCloneByTag.js
754 silly gunzTarPerm extractEntry internal/baseForIn.js
755 verbose linkBins nan@1.9.0
756 verbose linkMans nan@1.9.0
757 verbose rebuildBundles nan@1.9.0
758 info install nan@1.9.0
759 info postinstall nan@1.9.0
760 silly gunzTarPerm extractEntry internal/initCloneObject.js
761 silly gunzTarPerm extractEntry internal/baseFor.js
762 verbose unlock done using /Users/mark/.npm/_locks/nan-db4cf26647936ac1.lock for /Users/mark/src/modules/net-fuse/node_modules/grpc/node_modules/nan
763 silly gunzTarPerm extractEntry internal/invokePath.js
764 silly gunzTarPerm extractEntry internal/baseFlatten.js
765 silly gunzTarPerm extractEntry internal/isArrayLike.js
766 silly gunzTarPerm extractEntry internal/baseFindIndex.js
767 silly gunzTarPerm extractEntry internal/isIndex.js
768 silly gunzTarPerm extractEntry internal/baseFind.js
769 silly gunzTarPerm extractEntry internal/isIterateeCall.js
770 silly gunzTarPerm extractEntry internal/baseFilter.js
771 silly gunzTarPerm extractEntry internal/isKey.js
772 silly gunzTarPerm extractEntry internal/baseFill.js
773 silly gunzTarPerm extractEntry internal/isLaziable.js
774 silly gunzTarPerm extractEntry internal/baseExtremum.js
775 silly gunzTarPerm extractEntry internal/isLength.js
776 silly gunzTarPerm extractEntry internal/baseEvery.js
777 silly gunzTarPerm extractEntry internal/isObjectLike.js
778 silly gunzTarPerm extractEntry internal/baseEachRight.js
779 silly gunzTarPerm extractEntry internal/isSpace.js
780 silly gunzTarPerm extractEntry internal/baseEach.js
781 silly gunzTarPerm extractEntry internal/isStrictComparable.js
782 silly gunzTarPerm extractEntry internal/baseDifference.js
783 silly gunzTarPerm extractEntry internal/lazyClone.js
784 silly gunzTarPerm extractEntry internal/baseDelay.js
785 silly gunzTarPerm extractEntry internal/lazyReverse.js
786 silly gunzTarPerm extractEntry internal/baseCreate.js
787 silly gunzTarPerm extractEntry internal/lazyValue.js
788 silly gunzTarPerm extractEntry internal/baseCopy.js
789 silly gunzTarPerm extractEntry internal/mapDelete.js
790 silly gunzTarPerm extractEntry internal/baseCompareAscending.js
791 silly gunzTarPerm extractEntry internal/mapGet.js
792 silly gunzTarPerm extractEntry internal/baseClone.js
793 silly gunzTarPerm extractEntry internal/mapHas.js
794 silly gunzTarPerm extractEntry internal/baseCallback.js
795 silly gunzTarPerm extractEntry internal/mapSet.js
796 silly gunzTarPerm extractEntry internal/baseAt.js
797 silly gunzTarPerm extractEntry internal/mergeData.js
798 silly gunzTarPerm extractEntry internal/baseAssign.js
799 silly gunzTarPerm extractEntry internal/mergeDefaults.js
800 silly gunzTarPerm extractEntry internal/assignWith.js
801 silly gunzTarPerm extractEntry internal/metaMap.js
802 silly gunzTarPerm extractEntry internal/assignOwnDefaults.js
803 silly gunzTarPerm extractEntry internal/pickByArray.js
804 silly gunzTarPerm extractEntry internal/assignDefaults.js
805 silly gunzTarPerm extractEntry internal/pickByCallback.js
806 silly gunzTarPerm extractEntry internal/arraySum.js
807 silly gunzTarPerm extractEntry internal/reEscape.js
808 silly gunzTarPerm extractEntry internal/arraySome.js
809 silly gunzTarPerm extractEntry internal/reEvaluate.js
810 silly gunzTarPerm extractEntry internal/arrayReduceRight.js
811 silly gunzTarPerm extractEntry internal/reInterpolate.js
812 silly gunzTarPerm extractEntry internal/arrayReduce.js
813 silly gunzTarPerm extractEntry internal/realNames.js
814 silly gunzTarPerm extractEntry internal/arrayPush.js
815 silly gunzTarPerm extractEntry internal/reorder.js
816 silly gunzTarPerm extractEntry internal/arrayMap.js
817 silly gunzTarPerm extractEntry internal/replaceHolders.js
818 silly gunzTarPerm extractEntry internal/arrayFilter.js
819 silly gunzTarPerm extractEntry internal/setData.js
820 silly gunzTarPerm extractEntry internal/arrayExtremum.js
821 silly gunzTarPerm extractEntry internal/shimKeys.js
822 silly gunzTarPerm extractEntry internal/arrayEvery.js
823 silly gunzTarPerm extractEntry internal/sortedUniq.js
824 silly gunzTarPerm extractEntry internal/arrayEachRight.js
825 silly gunzTarPerm extractEntry internal/toIterable.js
826 silly gunzTarPerm extractEntry internal/arrayEach.js
827 silly gunzTarPerm extractEntry internal/toObject.js
828 silly gunzTarPerm extractEntry internal/arrayCopy.js
829 silly gunzTarPerm extractEntry internal/toPath.js
830 silly gunzTarPerm extractEntry internal/arrayConcat.js
831 silly gunzTarPerm extractEntry internal/trimmedLeftIndex.js
832 silly gunzTarPerm extractEntry internal/SetCache.js
833 silly gunzTarPerm extractEntry internal/trimmedRightIndex.js
834 silly gunzTarPerm extractEntry internal/MapCache.js
835 silly gunzTarPerm extractEntry internal/unescapeHtmlChar.js
836 silly gunzTarPerm extractEntry internal/LodashWrapper.js
837 silly gunzTarPerm extractEntry internal/wrapperClone.js
838 silly gunzTarPerm extractEntry internal/composeArgsRight.js
839 silly gunzTarPerm extractEntry string/camelCase.js
840 silly gunzTarPerm extractEntry string/padLeft.js
841 silly gunzTarPerm extractEntry string/padRight.js
842 silly gunzTarPerm extractEntry string/parseInt.js
843 silly gunzTarPerm extractEntry string/pad.js
844 silly gunzTarPerm extractEntry string/snakeCase.js
845 silly gunzTarPerm extractEntry string/startCase.js
846 silly gunzTarPerm extractEntry string/startsWith.js
847 silly gunzTarPerm extractEntry string/template.js
848 silly gunzTarPerm extractEntry string/templateSettings.js
849 silly gunzTarPerm extractEntry string/kebabCase.js
850 silly gunzTarPerm extractEntry string/trim.js
851 silly gunzTarPerm extractEntry string/escapeRegExp.js
852 silly gunzTarPerm extractEntry string/trimLeft.js
853 silly gunzTarPerm extractEntry string/escape.js
854 silly gunzTarPerm extractEntry string/trimRight.js
855 silly gunzTarPerm extractEntry string/endsWith.js
856 silly gunzTarPerm extractEntry string/trunc.js
857 silly gunzTarPerm extractEntry string/deburr.js
858 silly gunzTarPerm extractEntry string/unescape.js
859 silly gunzTarPerm extractEntry string/capitalize.js
860 silly gunzTarPerm extractEntry string/words.js
861 silly gunzTarPerm extractEntry string/repeat.js
862 silly gunzTarPerm extractEntry chain/chain.js
863 silly gunzTarPerm extractEntry chain/run.js
864 silly gunzTarPerm extractEntry chain/tap.js
865 silly gunzTarPerm extractEntry chain/thru.js
866 silly gunzTarPerm extractEntry chain/toJSON.js
867 silly gunzTarPerm extractEntry chain/reverse.js
868 silly gunzTarPerm extractEntry chain/value.js
869 silly gunzTarPerm extractEntry chain/valueOf.js
870 silly gunzTarPerm extractEntry chain/wrapperChain.js
871 silly gunzTarPerm extractEntry chain/wrapperCommit.js
872 silly gunzTarPerm extractEntry chain/wrapperConcat.js
873 silly gunzTarPerm extractEntry chain/plant.js
874 silly gunzTarPerm extractEntry chain/wrapperPlant.js
875 silly gunzTarPerm extractEntry chain/lodash.js
876 silly gunzTarPerm extractEntry chain/wrapperReverse.js
877 silly gunzTarPerm extractEntry chain/concat.js
878 silly gunzTarPerm extractEntry chain/wrapperToString.js
879 silly gunzTarPerm extractEntry chain/commit.js
880 silly gunzTarPerm extractEntry chain/wrapperValue.js
881 silly gunzTarPerm extractEntry chain/toString.js
882 silly gunzTarPerm extractEntry array/chunk.js
883 silly gunzTarPerm extractEntry array/last.js
884 silly gunzTarPerm extractEntry array/lastIndexOf.js
885 silly gunzTarPerm extractEntry array/object.js
886 silly gunzTarPerm extractEntry array/pull.js
887 silly gunzTarPerm extractEntry array/intersection.js
888 silly gunzTarPerm extractEntry array/remove.js
889 silly gunzTarPerm extractEntry array/rest.js
890 silly gunzTarPerm extractEntry array/slice.js
891 silly gunzTarPerm extractEntry array/sortedIndex.js
892 silly gunzTarPerm extractEntry array/sortedLastIndex.js
893 silly gunzTarPerm extractEntry array/initial.js
894 silly gunzTarPerm extractEntry array/tail.js
895 silly gunzTarPerm extractEntry array/indexOf.js
896 silly gunzTarPerm extractEntry array/take.js
897 silly gunzTarPerm extractEntry array/head.js
898 silly gunzTarPerm extractEntry array/takeRight.js
899 silly gunzTarPerm extractEntry array/flattenDeep.js
900 silly gunzTarPerm extractEntry array/takeRightWhile.js
901 silly gunzTarPerm extractEntry array/flatten.js
902 silly gunzTarPerm extractEntry array/takeWhile.js
903 silly gunzTarPerm extractEntry array/first.js
904 silly gunzTarPerm extractEntry array/union.js
905 silly gunzTarPerm extractEntry array/findLastIndex.js
906 silly gunzTarPerm extractEntry array/uniq.js
907 silly gunzTarPerm extractEntry array/findIndex.js
908 silly gunzTarPerm extractEntry array/unique.js
909 silly gunzTarPerm extractEntry array/fill.js
910 silly gunzTarPerm extractEntry array/unzip.js
911 silly gunzTarPerm extractEntry array/dropWhile.js
912 silly gunzTarPerm extractEntry array/unzipWith.js
913 silly gunzTarPerm extractEntry array/dropRightWhile.js
914 silly gunzTarPerm extractEntry array/without.js
915 silly gunzTarPerm extractEntry array/dropRight.js
916 silly gunzTarPerm extractEntry array/xor.js
917 silly gunzTarPerm extractEntry array/drop.js
918 silly gunzTarPerm extractEntry array/zip.js
919 silly gunzTarPerm extractEntry array/difference.js
920 silly gunzTarPerm extractEntry array/zipObject.js
921 silly gunzTarPerm extractEntry array/compact.js
922 silly gunzTarPerm extractEntry array/zipWith.js
923 silly gunzTarPerm extractEntry array/pullAt.js
924 silly gunzTarPerm extractEntry utility/attempt.js
925 silly gunzTarPerm extractEntry utility/iteratee.js
926 silly gunzTarPerm extractEntry utility/matches.js
927 silly gunzTarPerm extractEntry utility/matchesProperty.js
928 silly gunzTarPerm extractEntry utility/method.js
929 silly gunzTarPerm extractEntry utility/identity.js
930 silly gunzTarPerm extractEntry utility/mixin.js
931 silly gunzTarPerm extractEntry utility/noop.js
932 silly gunzTarPerm extractEntry utility/property.js
933 silly gunzTarPerm extractEntry utility/propertyOf.js
934 silly gunzTarPerm extractEntry utility/range.js
935 silly gunzTarPerm extractEntry utility/constant.js
936 silly gunzTarPerm extractEntry utility/times.js
937 silly gunzTarPerm extractEntry utility/callback.js
938 silly gunzTarPerm extractEntry utility/uniqueId.js
939 silly gunzTarPerm extractEntry utility/methodOf.js
940 silly gunzTarPerm extractEntry lang/clone.js
941 silly gunzTarPerm extractEntry lang/isEqual.js
942 silly gunzTarPerm extractEntry lang/isError.js
943 silly gunzTarPerm extractEntry lang/isFinite.js
944 silly gunzTarPerm extractEntry lang/isFunction.js
945 silly gunzTarPerm extractEntry lang/isEmpty.js
946 silly gunzTarPerm extractEntry lang/isNaN.js
947 silly gunzTarPerm extractEntry lang/isNative.js
948 silly gunzTarPerm extractEntry lang/isNull.js
949 silly gunzTarPerm extractEntry lang/isNumber.js
950 silly gunzTarPerm extractEntry lang/isObject.js
951 silly gunzTarPerm extractEntry lang/isElement.js
952 silly gunzTarPerm extractEntry lang/isPlainObject.js
953 silly gunzTarPerm extractEntry lang/isDate.js
954 silly gunzTarPerm extractEntry lang/isRegExp.js
955 silly gunzTarPerm extractEntry lang/isBoolean.js
956 silly gunzTarPerm extractEntry lang/isString.js
957 silly gunzTarPerm extractEntry lang/isArray.js
958 silly gunzTarPerm extractEntry lang/isTypedArray.js
959 silly gunzTarPerm extractEntry lang/isArguments.js
960 silly gunzTarPerm extractEntry lang/isUndefined.js
961 silly gunzTarPerm extractEntry lang/gte.js
962 silly gunzTarPerm extractEntry lang/lt.js
963 silly gunzTarPerm extractEntry lang/gt.js
964 silly gunzTarPerm extractEntry lang/lte.js
965 silly gunzTarPerm extractEntry lang/eq.js
966 silly gunzTarPerm extractEntry lang/toArray.js
967 silly gunzTarPerm extractEntry lang/cloneDeep.js
968 silly gunzTarPerm extractEntry lang/toPlainObject.js
969 silly gunzTarPerm extractEntry lang/isMatch.js
970 verbose write writing to /Users/mark/src/modules/net-fuse/node_modules/grpc/node_modules/lodash/package.json
971 info preinstall lodash@3.10.1
972 verbose readDependencies loading dependencies from /Users/mark/src/modules/net-fuse/node_modules/grpc/node_modules/lodash/package.json
973 verbose readDependencies loading dependencies from /Users/mark/src/modules/net-fuse/node_modules/grpc/node_modules/lodash/package.json
974 silly install resolved []
975 verbose about to build /Users/mark/src/modules/net-fuse/node_modules/grpc/node_modules/lodash
976 info build /Users/mark/src/modules/net-fuse/node_modules/grpc/node_modules/lodash
977 info linkStuff lodash@3.10.1
978 silly linkStuff lodash@3.10.1 has /Users/mark/src/modules/net-fuse/node_modules/grpc/node_modules as its parent node_modules
979 verbose linkBins lodash@3.10.1
980 verbose linkMans lodash@3.10.1
981 verbose rebuildBundles lodash@3.10.1
982 info install lodash@3.10.1
983 info postinstall lodash@3.10.1
984 verbose unlock done using /Users/mark/.npm/_locks/lodash-821e84107669ad71.lock for /Users/mark/src/modules/net-fuse/node_modules/grpc/node_modules/lodash
985 verbose about to build /Users/mark/src/modules/net-fuse/node_modules/grpc
986 info build /Users/mark/src/modules/net-fuse/node_modules/grpc
987 info linkStuff grpc@0.10.1
988 silly linkStuff grpc@0.10.1 has /Users/mark/src/modules/net-fuse/node_modules as its parent node_modules
989 verbose linkBins grpc@0.10.1
990 verbose linkMans grpc@0.10.1
991 verbose rebuildBundles grpc@0.10.1
992 verbose rebuildBundles [ 'bindings', 'lodash', 'nan' ]
993 info install grpc@0.10.1
994 verbose unsafe-perm in lifecycle true
995 info grpc@0.10.1 Failed to exec install script
996 verbose unlock done using /Users/mark/.npm/_locks/grpc-713a210aa5a508e4.lock for /Users/mark/src/modules/net-fuse/node_modules/grpc
997 verbose stack Error: grpc@0.10.1 install: `node-gyp rebuild`
997 verbose stack Exit status 1
997 verbose stack     at EventEmitter.<anonymous> (/usr/local/lib/node_modules/npm/lib/utils/lifecycle.js:213:16)
997 verbose stack     at EventEmitter.emit (events.js:110:17)
997 verbose stack     at ChildProcess.<anonymous> (/usr/local/lib/node_modules/npm/lib/utils/spawn.js:24:14)
997 verbose stack     at ChildProcess.emit (events.js:110:17)
997 verbose stack     at maybeClose (child_process.js:1015:16)
997 verbose stack     at Process.ChildProcess._handle.onexit (child_process.js:1087:5)
998 verbose pkgid grpc@0.10.1
999 verbose cwd /Users/mark/src/modules/net-fuse
1000 error Darwin 14.4.0
1001 error argv "/usr/local/bin/node" "/usr/local/bin/npm" "install" "--save" "grpc"
1002 error node v0.12.7
1003 error npm  v2.11.3
1004 error code ELIFECYCLE
1005 error grpc@0.10.1 install: `node-gyp rebuild`
1005 error Exit status 1
1006 error Failed at the grpc@0.10.1 install script 'node-gyp rebuild'.
1006 error This is most likely a problem with the grpc package,
1006 error not with npm itself.
1006 error Tell the author that this fails on your system:
1006 error     node-gyp rebuild
1006 error You can get their info via:
1006 error     npm owner ls grpc
1006 error There is likely additional logging output above.
1007 verbose exit [ 1, true ]
1008 verbose unbuild node_modules/grpc
1009 info preuninstall grpc@0.10.1
1010 info uninstall grpc@0.10.1
1011 verbose unbuild rmStuff grpc@0.10.1 from /Users/mark/src/modules/net-fuse/node_modules
1012 info postuninstall grpc@0.10.1
1013 silly gentlyRm /Users/mark/src/modules/net-fuse/node_modules/grpc is being purged from base /Users/mark/src/modules/net-fuse
1014 verbose gentlyRm don't care about contents; nuking /Users/mark/src/modules/net-fuse/node_modules/grpc
1015 silly vacuum-fs purging /Users/mark/src/modules/net-fuse/node_modules/grpc
1016 silly vacuum-fs quitting because other entries in /Users/mark/src/modules/net-fuse/node_modules
